#-----------------------------------------------------------
# Vivado v2020.1 (64-bit)
# SW Build 2902540 on Wed May 27 19:54:35 MDT 2020
# IP Build 2902112 on Wed May 27 22:43:36 MDT 2020
# Start of session at: Mon Feb 21 02:02:43 2022
# Process ID: 6685
# Current directory: /home/emtfhls/clone_p2/EMTF_HLS_2022/wrp_prj
# Command line: vivado -mode tcl -source vivado_proj.tcl
# Log file: /home/emtfhls/clone_p2/EMTF_HLS_2022/wrp_prj/vivado.log
# Journal file: /home/emtfhls/clone_p2/EMTF_HLS_2022/wrp_prj/vivado.jou
#-----------------------------------------------------------
source vivado_proj.tcl
# set origin_dir "."
# set report_dir "$origin_dir/reports"
# if { [info exists ::origin_dir_loc] } {
#   set origin_dir $::origin_dir_loc
# }
# set _xil_proj_name_ "v_wrp_prj"
# if { [info exists ::user_project_name] } {
#   set _xil_proj_name_ $::user_project_name
# }
# variable script_file
# set script_file "vivado_proj.tcl"
# proc print_help {} {
#   variable script_file
#   puts "\nDescription:"
#   puts "Recreate a Vivado project from this script. The created project will be"
#   puts "functionally equivalent to the original project for which this script was"
#   puts "generated. The script contains commands for creating a project, filesets,"
#   puts "runs, adding/importing sources and setting properties on various objects.\n"
#   puts "Syntax:"
#   puts "$script_file"
#   puts "$script_file -tclargs \[--origin_dir <path>\]"
#   puts "$script_file -tclargs \[--project_name <name>\]"
#   puts "$script_file -tclargs \[--help\]\n"
#   puts "Usage:"
#   puts "Name                   Description"
#   puts "-------------------------------------------------------------------------"
#   puts "\[--origin_dir <path>\]  Determine source file paths wrt this path. Default"
#   puts "                       origin_dir path value is \".\", otherwise, the value"
#   puts "                       that was set with the \"-paths_relative_to\" switch"
#   puts "                       when this script was generated.\n"
#   puts "\[--project_name <name>\] Create project with the specified name. Default"
#   puts "                       name is the name of the project from where this"
#   puts "                       script was generated.\n"
#   puts "\[--help\]               Print help information for this script"
#   puts "-------------------------------------------------------------------------\n"
#   exit 0
# }
# if { $::argc > 0 } {
#   for {set i 0} {$i < $::argc} {incr i} {
#     set option [string trim [lindex $::argv $i]]
#     switch -regexp -- $option {
#       "--origin_dir"   { incr i; set origin_dir [lindex $::argv $i] }
#       "--project_name" { incr i; set _xil_proj_name_ [lindex $::argv $i] }
#       "--help"         { print_help }
#       default {
#         if { [regexp {^-} $option] } {
#           puts "ERROR: Unknown option '$option' specified, please type '$script_file -tclargs --help' for usage info.\n"
#           return 1
#         }
#       }
#     }
#   }
# }
# set orig_proj_dir "[file normalize "$origin_dir/v_wrp_prj"]"
# create_project -force ${_xil_proj_name_} ./${_xil_proj_name_} -part xcvu13p-fsga2577-1-e
# set proj_dir [get_property directory [current_project]]
# set obj [current_project]
# set_property -name "default_lib" -value "xil_defaultlib" -objects $obj
# set_property -name "enable_vhdl_2008" -value "1" -objects $obj
# set_property -name "ip_cache_permissions" -value "read write" -objects $obj
# set_property -name "ip_output_repo" -value "$proj_dir/${_xil_proj_name_}.cache/ip" -objects $obj
# set_property -name "mem.enable_memory_map_generation" -value "1" -objects $obj
# set_property -name "part" -value "xcvu13p-fsga2577-1-e" -objects $obj
# set_property -name "sim.central_dir" -value "$proj_dir/${_xil_proj_name_}.ip_user_files" -objects $obj
# set_property -name "sim.ip.auto_export_scripts" -value "1" -objects $obj
# set_property -name "simulator_language" -value "Mixed" -objects $obj
# if {[string equal [get_filesets -quiet sources_1] ""]} {
#   create_fileset -srcset sources_1
# }
# set obj [get_filesets sources_1]
# set verilog_npath [file normalize "${origin_dir}/../eHLS_Vivado_project/solution1/impl/verilog"]
# set files [glob "${verilog_npath}/*.v" list [file normalize "${origin_dir}/wrp_dir/wrapper.sv"]]
# add_files -norecurse -fileset $obj $files
# set file "$origin_dir/wrp_dir/wrapper.sv"
# set file [file normalize $file]
# set file_obj [get_files -of_objects [get_filesets sources_1] [list "*$file"]]
# set_property -name "file_type" -value "SystemVerilog" -objects $file_obj
# set obj [get_filesets sources_1]
# set_property -name "top" -value "wrapper_tf" -objects $obj
# if {[string equal [get_filesets -quiet constrs_1] ""]} {
#   create_fileset -constrset constrs_1
# }
# set obj [get_filesets constrs_1]
# set file "[file normalize "$origin_dir/constr/timing.xdc"]"
# set file_added [add_files -norecurse -fileset $obj [list $file]]
# set file "$origin_dir/constr/timing.xdc"
# set file [file normalize $file]
# set file_obj [get_files -of_objects [get_filesets constrs_1] [list "*$file"]]
# set_property -name "file_type" -value "XDC" -objects $file_obj
# set obj [get_filesets constrs_1]
# set_property -name "target_part" -value "xcvu13p-fsga2577-1-e" -objects $obj
# if {[string equal [get_filesets -quiet sim_1] ""]} {
#   create_fileset -simset sim_1
# }
# set obj [get_filesets sim_1]
# set obj [get_filesets sim_1]
# set_property -name "hbs.configure_design_for_hier_access" -value "1" -objects $obj
# set_property -name "top" -value "wrapper_tf" -objects $obj
# set_property -name "top_lib" -value "xil_defaultlib" -objects $obj
# set obj [get_filesets utils_1]
# set obj [get_filesets utils_1]
# if {[string equal [get_runs -quiet synth_1] ""]} {
#     create_run -name synth_1 -part xcvu13p-fsga2577-1-e -flow {Vivado Synthesis 2020} -strategy "Vivado Synthesis Defaults" -report_strategy {No Reports} -constrset constrs_1
# } else {
#   set_property strategy "Vivado Synthesis Defaults" [get_runs synth_1]
#   set_property flow "Vivado Synthesis 2020" [get_runs synth_1]
# }
# set obj [get_runs synth_1]
# set_property set_report_strategy_name 1 $obj
# set_property report_strategy {Vivado Synthesis Default Reports} $obj
# set_property set_report_strategy_name 0 $obj
# if { [ string equal [get_report_configs -of_objects [get_runs synth_1] synth_1_synth_report_utilization_0] "" ] } {
#   create_report_config -report_name synth_1_synth_report_utilization_0 -report_type report_utilization:1.0 -steps synth_design -runs synth_1
# }
# set obj [get_report_configs -of_objects [get_runs synth_1] synth_1_synth_report_utilization_0]
# if { $obj != "" } {
# 
# }
# set obj [get_runs synth_1]
# set_property -name "part" -value "xcvu13p-fsga2577-1-e" -objects $obj
# set_property -name "strategy" -value "Vivado Synthesis Defaults" -objects $obj
# current_run -synthesis [get_runs synth_1]
# if {[string equal [get_runs -quiet impl_1] ""]} {
#     create_run -name impl_1 -part xcvu13p-fsga2577-1-e -flow {Vivado Implementation 2020} -strategy "Vivado Implementation Defaults" -report_strategy {No Reports} -constrset constrs_1 -parent_run synth_1
# } else {
#   set_property strategy "Vivado Implementation Defaults" [get_runs impl_1]
#   set_property flow "Vivado Implementation 2020" [get_runs impl_1]
# }
# set obj [get_runs impl_1]
# set_property set_report_strategy_name 1 $obj
# set_property report_strategy {Vivado Implementation Default Reports} $obj
# set_property set_report_strategy_name 0 $obj
# if { [ string equal [get_report_configs -of_objects [get_runs impl_1] impl_1_init_report_timing_summary_0] "" ] } {
#   create_report_config -report_name impl_1_init_report_timing_summary_0 -report_type report_timing_summary:1.0 -steps init_design -runs impl_1
# }
# set obj [get_report_configs -of_objects [get_runs impl_1] impl_1_init_report_timing_summary_0]
# if { $obj != "" } {
# set_property -name "is_enabled" -value "0" -objects $obj
# set_property -name "options.max_paths" -value "10" -objects $obj
# 
# }
# if { [ string equal [get_report_configs -of_objects [get_runs impl_1] impl_1_opt_report_drc_0] "" ] } {
#   create_report_config -report_name impl_1_opt_report_drc_0 -report_type report_drc:1.0 -steps opt_design -runs impl_1
# }
# set obj [get_report_configs -of_objects [get_runs impl_1] impl_1_opt_report_drc_0]
# if { $obj != "" } {
# 
# }
# if { [ string equal [get_report_configs -of_objects [get_runs impl_1] impl_1_opt_report_timing_summary_0] "" ] } {
#   create_report_config -report_name impl_1_opt_report_timing_summary_0 -report_type report_timing_summary:1.0 -steps opt_design -runs impl_1
# }
# set obj [get_report_configs -of_objects [get_runs impl_1] impl_1_opt_report_timing_summary_0]
# if { $obj != "" } {
# set_property -name "is_enabled" -value "0" -objects $obj
# set_property -name "options.max_paths" -value "10" -objects $obj
# 
# }
# if { [ string equal [get_report_configs -of_objects [get_runs impl_1] impl_1_power_opt_report_timing_summary_0] "" ] } {
#   create_report_config -report_name impl_1_power_opt_report_timing_summary_0 -report_type report_timing_summary:1.0 -steps power_opt_design -runs impl_1
# }
# set obj [get_report_configs -of_objects [get_runs impl_1] impl_1_power_opt_report_timing_summary_0]
# if { $obj != "" } {
# set_property -name "is_enabled" -value "0" -objects $obj
# set_property -name "options.max_paths" -value "10" -objects $obj
# 
# }
# if { [ string equal [get_report_configs -of_objects [get_runs impl_1] impl_1_place_report_io_0] "" ] } {
#   create_report_config -report_name impl_1_place_report_io_0 -report_type report_io:1.0 -steps place_design -runs impl_1
# }
# set obj [get_report_configs -of_objects [get_runs impl_1] impl_1_place_report_io_0]
# if { $obj != "" } {
# 
# }
# if { [ string equal [get_report_configs -of_objects [get_runs impl_1] impl_1_place_report_utilization_0] "" ] } {
#   create_report_config -report_name impl_1_place_report_utilization_0 -report_type report_utilization:1.0 -steps place_design -runs impl_1
# }
# set obj [get_report_configs -of_objects [get_runs impl_1] impl_1_place_report_utilization_0]
# if { $obj != "" } {
# 
# }
# if { [ string equal [get_report_configs -of_objects [get_runs impl_1] impl_1_place_report_control_sets_0] "" ] } {
#   create_report_config -report_name impl_1_place_report_control_sets_0 -report_type report_control_sets:1.0 -steps place_design -runs impl_1
# }
# set obj [get_report_configs -of_objects [get_runs impl_1] impl_1_place_report_control_sets_0]
# if { $obj != "" } {
# set_property -name "options.verbose" -value "1" -objects $obj
# 
# }
# if { [ string equal [get_report_configs -of_objects [get_runs impl_1] impl_1_place_report_incremental_reuse_0] "" ] } {
#   create_report_config -report_name impl_1_place_report_incremental_reuse_0 -report_type report_incremental_reuse:1.0 -steps place_design -runs impl_1
# }
# set obj [get_report_configs -of_objects [get_runs impl_1] impl_1_place_report_incremental_reuse_0]
# if { $obj != "" } {
# set_property -name "is_enabled" -value "0" -objects $obj
# 
# }
# if { [ string equal [get_report_configs -of_objects [get_runs impl_1] impl_1_place_report_incremental_reuse_1] "" ] } {
#   create_report_config -report_name impl_1_place_report_incremental_reuse_1 -report_type report_incremental_reuse:1.0 -steps place_design -runs impl_1
# }
# set obj [get_report_configs -of_objects [get_runs impl_1] impl_1_place_report_incremental_reuse_1]
# if { $obj != "" } {
# set_property -name "is_enabled" -value "0" -objects $obj
# 
# }
# if { [ string equal [get_report_configs -of_objects [get_runs impl_1] impl_1_place_report_timing_summary_0] "" ] } {
#   create_report_config -report_name impl_1_place_report_timing_summary_0 -report_type report_timing_summary:1.0 -steps place_design -runs impl_1
# }
# set obj [get_report_configs -of_objects [get_runs impl_1] impl_1_place_report_timing_summary_0]
# if { $obj != "" } {
# set_property -name "is_enabled" -value "0" -objects $obj
# set_property -name "options.max_paths" -value "10" -objects $obj
# 
# }
# if { [ string equal [get_report_configs -of_objects [get_runs impl_1] impl_1_post_place_power_opt_report_timing_summary_0] "" ] } {
#   create_report_config -report_name impl_1_post_place_power_opt_report_timing_summary_0 -report_type report_timing_summary:1.0 -steps post_place_power_opt_design -runs impl_1
# }
# set obj [get_report_configs -of_objects [get_runs impl_1] impl_1_post_place_power_opt_report_timing_summary_0]
# if { $obj != "" } {
# set_property -name "is_enabled" -value "0" -objects $obj
# set_property -name "options.max_paths" -value "10" -objects $obj
# 
# }
# if { [ string equal [get_report_configs -of_objects [get_runs impl_1] impl_1_phys_opt_report_timing_summary_0] "" ] } {
#   create_report_config -report_name impl_1_phys_opt_report_timing_summary_0 -report_type report_timing_summary:1.0 -steps phys_opt_design -runs impl_1
# }
# set obj [get_report_configs -of_objects [get_runs impl_1] impl_1_phys_opt_report_timing_summary_0]
# if { $obj != "" } {
# set_property -name "is_enabled" -value "0" -objects $obj
# set_property -name "options.max_paths" -value "10" -objects $obj
# 
# }
# if { [ string equal [get_report_configs -of_objects [get_runs impl_1] impl_1_route_report_drc_0] "" ] } {
#   create_report_config -report_name impl_1_route_report_drc_0 -report_type report_drc:1.0 -steps route_design -runs impl_1
# }
# set obj [get_report_configs -of_objects [get_runs impl_1] impl_1_route_report_drc_0]
# if { $obj != "" } {
# 
# }
# if { [ string equal [get_report_configs -of_objects [get_runs impl_1] impl_1_route_report_methodology_0] "" ] } {
#   create_report_config -report_name impl_1_route_report_methodology_0 -report_type report_methodology:1.0 -steps route_design -runs impl_1
# }
# set obj [get_report_configs -of_objects [get_runs impl_1] impl_1_route_report_methodology_0]
# if { $obj != "" } {
# 
# }
# if { [ string equal [get_report_configs -of_objects [get_runs impl_1] impl_1_route_report_power_0] "" ] } {
#   create_report_config -report_name impl_1_route_report_power_0 -report_type report_power:1.0 -steps route_design -runs impl_1
# }
# set obj [get_report_configs -of_objects [get_runs impl_1] impl_1_route_report_power_0]
# if { $obj != "" } {
# 
# }
# if { [ string equal [get_report_configs -of_objects [get_runs impl_1] impl_1_route_report_route_status_0] "" ] } {
#   create_report_config -report_name impl_1_route_report_route_status_0 -report_type report_route_status:1.0 -steps route_design -runs impl_1
# }
# set obj [get_report_configs -of_objects [get_runs impl_1] impl_1_route_report_route_status_0]
# if { $obj != "" } {
# 
# }
# if { [ string equal [get_report_configs -of_objects [get_runs impl_1] impl_1_route_report_timing_summary_0] "" ] } {
#   create_report_config -report_name impl_1_route_report_timing_summary_0 -report_type report_timing_summary:1.0 -steps route_design -runs impl_1
# }
# set obj [get_report_configs -of_objects [get_runs impl_1] impl_1_route_report_timing_summary_0]
# if { $obj != "" } {
# set_property -name "options.max_paths" -value "10" -objects $obj
# 
# }
# if { [ string equal [get_report_configs -of_objects [get_runs impl_1] impl_1_route_report_incremental_reuse_0] "" ] } {
#   create_report_config -report_name impl_1_route_report_incremental_reuse_0 -report_type report_incremental_reuse:1.0 -steps route_design -runs impl_1
# }
# set obj [get_report_configs -of_objects [get_runs impl_1] impl_1_route_report_incremental_reuse_0]
# if { $obj != "" } {
# 
# }
# if { [ string equal [get_report_configs -of_objects [get_runs impl_1] impl_1_route_report_clock_utilization_0] "" ] } {
#   create_report_config -report_name impl_1_route_report_clock_utilization_0 -report_type report_clock_utilization:1.0 -steps route_design -runs impl_1
# }
# set obj [get_report_configs -of_objects [get_runs impl_1] impl_1_route_report_clock_utilization_0]
# if { $obj != "" } {
# 
# }
# if { [ string equal [get_report_configs -of_objects [get_runs impl_1] impl_1_route_report_bus_skew_0] "" ] } {
#   create_report_config -report_name impl_1_route_report_bus_skew_0 -report_type report_bus_skew:1.1 -steps route_design -runs impl_1
# }
# set obj [get_report_configs -of_objects [get_runs impl_1] impl_1_route_report_bus_skew_0]
# if { $obj != "" } {
# set_property -name "options.warn_on_violation" -value "1" -objects $obj
# 
# }
# if { [ string equal [get_report_configs -of_objects [get_runs impl_1] impl_1_post_route_phys_opt_report_timing_summary_0] "" ] } {
#   create_report_config -report_name impl_1_post_route_phys_opt_report_timing_summary_0 -report_type report_timing_summary:1.0 -steps post_route_phys_opt_design -runs impl_1
# }
# set obj [get_report_configs -of_objects [get_runs impl_1] impl_1_post_route_phys_opt_report_timing_summary_0]
# if { $obj != "" } {
# set_property -name "options.max_paths" -value "10" -objects $obj
# set_property -name "options.warn_on_violation" -value "1" -objects $obj
# 
# }
# if { [ string equal [get_report_configs -of_objects [get_runs impl_1] impl_1_post_route_phys_opt_report_bus_skew_0] "" ] } {
#   create_report_config -report_name impl_1_post_route_phys_opt_report_bus_skew_0 -report_type report_bus_skew:1.1 -steps post_route_phys_opt_design -runs impl_1
# }
# set obj [get_report_configs -of_objects [get_runs impl_1] impl_1_post_route_phys_opt_report_bus_skew_0]
# if { $obj != "" } {
# set_property -name "options.warn_on_violation" -value "1" -objects $obj
# 
# }
# set obj [get_runs impl_1]
# set_property -name "part" -value "xcvu13p-fsga2577-1-e" -objects $obj
# set_property -name "strategy" -value "Vivado Implementation Defaults" -objects $obj
# set_property -name "steps.write_bitstream.args.readback_file" -value "0" -objects $obj
# set_property -name "steps.write_bitstream.args.verbose" -value "0" -objects $obj
# current_run -implementation [get_runs impl_1]
# puts "INFO: Project created:${_xil_proj_name_}"
INFO: Project created:v_wrp_prj
# if {[string equal [get_dashboard_gadgets  [ list "drc_1" ] ] ""]} {
# create_dashboard_gadget -name {drc_1} -type drc
# }
# set obj [get_dashboard_gadgets [ list "drc_1" ] ]
# set_property -name "reports" -value "impl_1#impl_1_route_report_drc_0" -objects $obj
# if {[string equal [get_dashboard_gadgets  [ list "methodology_1" ] ] ""]} {
# create_dashboard_gadget -name {methodology_1} -type methodology
# }
# set obj [get_dashboard_gadgets [ list "methodology_1" ] ]
# set_property -name "reports" -value "impl_1#impl_1_route_report_methodology_0" -objects $obj
# if {[string equal [get_dashboard_gadgets  [ list "power_1" ] ] ""]} {
# create_dashboard_gadget -name {power_1} -type power
# }
# set obj [get_dashboard_gadgets [ list "power_1" ] ]
# set_property -name "reports" -value "impl_1#impl_1_route_report_power_0" -objects $obj
# if {[string equal [get_dashboard_gadgets  [ list "timing_1" ] ] ""]} {
# create_dashboard_gadget -name {timing_1} -type timing
# }
# set obj [get_dashboard_gadgets [ list "timing_1" ] ]
# set_property -name "reports" -value "impl_1#impl_1_route_report_timing_summary_0" -objects $obj
# if {[string equal [get_dashboard_gadgets  [ list "utilization_1" ] ] ""]} {
# create_dashboard_gadget -name {utilization_1} -type utilization
# }
# set obj [get_dashboard_gadgets [ list "utilization_1" ] ]
# set_property -name "reports" -value "synth_1#synth_1_synth_report_utilization_0" -objects $obj
# set_property -name "run.step" -value "synth_design" -objects $obj
# set_property -name "run.type" -value "synthesis" -objects $obj
# if {[string equal [get_dashboard_gadgets  [ list "utilization_2" ] ] ""]} {
# create_dashboard_gadget -name {utilization_2} -type utilization
# }
# set obj [get_dashboard_gadgets [ list "utilization_2" ] ]
# set_property -name "reports" -value "impl_1#impl_1_place_report_utilization_0" -objects $obj
# move_dashboard_gadget -name {utilization_1} -row 0 -col 0
# move_dashboard_gadget -name {power_1} -row 1 -col 0
# move_dashboard_gadget -name {drc_1} -row 2 -col 0
# move_dashboard_gadget -name {timing_1} -row 0 -col 1
# move_dashboard_gadget -name {utilization_2} -row 1 -col 1
# move_dashboard_gadget -name {methodology_1} -row 2 -col 1
# synth_design
Command: synth_design
Starting synth_design
Using part: xcvu13p-fsga2577-1-e
Top: wrapper_tf
Attempting to get a license for feature 'Synthesis' and/or device 'xcvu13p'
WARNING: [Common 17-348] Failed to get the license for feature 'Synthesis' and/or device 'xcvu13p'. Explanation: The license feature Synthesis could not be found.
Resolution: Check the status of your licenses in the Vivado License Manager. For debug help search Xilinx Support for "Licensing FAQ". 
0 Infos, 1 Warnings, 0 Critical Warnings and 1 Errors encountered.
synth_design failed
ERROR: [Common 17-345] A valid license was not found for feature 'Synthesis' and/or device 'xcvu13p'. Please run the Vivado License Manager for assistance in determining
which features and devices are licensed for your system.
Resolution: Check the status of your licenses in the Vivado License Manager. For debug help search Xilinx Support for "Licensing FAQ". If you are using a license server, verify that the license server is up and running a version of the xilinx daemon that is compatible with the version of Xilinx software that you are using. Please note that Vivado 2017.3 and later requires upgrading your license server tools to the Flex 11.14.1 tools. Please confirm with your license admin that the correct version of the license server tools are installed.
quit
INFO: [Common 17-206] Exiting Vivado at Mon Feb 21 02:03:05 2022...
