ev:          19  track:           0 phi: 4602, theta:  21
ev:          29  track:           0 phi: 4612, theta:  65
ev:          39  track:           0 phi: 1004, theta:  69
ev:          49  track:           0 phi: 1708, theta:  56
ev:          59  track:           0 phi: 2932, theta:  13
ev:          69  track:           0 phi: 4014, theta:  20
ev:          79  track:           0 phi:  834, theta:  30
ev:          89  track:           0 phi: 2980, theta:  19
ev:          99  track:           0 phi:  420, theta:  15
ev:         109  track:           0 phi: 1244, theta:  39
ev:         119  track:           0 phi: 2564, theta:  38
ev:         129  track:           0 phi: 1084, theta:  15
ev:         139  track:           0 phi: 2772, theta:  10
ev:         149  track:           0 phi:  752, theta:  77
ev:         159  track:           0 phi:  732, theta:  14
ev:         169  track:           0 phi:  124, theta:  24
ev:         179  track:           0 phi: 1225, theta:   7
ev:         189  track:           0 phi: 2308, theta:  57
ev:         199  track:           0 phi: 4160, theta:  96
ev:         209  track:           0 phi: 3240, theta:  53
ev:         219  track:           0 phi: 3584, theta:  74
ev:         229  track:           0 phi: 1648, theta:  63
ev:         239  track:           0 phi:  564, theta:  29
ev:         259  track:           0 phi: 1129, theta:  24
ev:         269  track:           0 phi:  324, theta:  33
ev:         279  track:           0 phi: 4022, theta:  31
ev:         289  track:           0 phi: 2524, theta:  87
ev:         299  track:           0 phi: 2716, theta:  19
ev:         309  track:           0 phi: 2324, theta:  79
ev:         319  track:           0 phi: 2040, theta:  75
ev:         329  track:           0 phi:  508, theta:  38
ev:         339  track:           0 phi: 2308, theta: 103
ev:         349  track:           0 phi: 1188, theta:  31
ev:         359  track:           0 phi: 2784, theta:  47
ev:         369  track:           0 phi: 1988, theta:   8
ev:         379  track:           0 phi:  364, theta:  13
ev:         389  track:           0 phi: 4268, theta:  28
ev:         399  track:           0 phi: 1004, theta:  50
ev:         409  track:           0 phi: 3620, theta:  98
ev:         419  track:           0 phi: 2970, theta:  35
ev:         429  track:           0 phi: 2845, theta:  34
ev:         439  track:           0 phi: 3940, theta:  72
ev:         449  track:           0 phi: 1648, theta: 107
ev:         459  track:           0 phi: 3454, theta:   6
ev:         469  track:           0 phi: 1432, theta:  79
ev:         479  track:           0 phi: 1540, theta:   8
ev:         489  track:           0 phi: 3746, theta:  34
ev:         499  track:           0 phi: 4060, theta:  58
ev:         509  track:           0 phi: 2694, theta:  22
ev:         519  track:           0 phi: 4008, theta: 103
ev:         529  track:           0 phi: 2204, theta:  17
ev:         539  track:           0 phi: 1540, theta:  13
ev:         549  track:           0 phi: 3356, theta:  35
ev:         559  track:           0 phi: 2932, theta:  67
ev:         569  track:           0 phi: 1484, theta:   7
ev:         579  track:           0 phi:  844, theta:  24
ev:         589  track:           0 phi: 2372, theta:  62
ev:         599  track:           0 phi: 3652, theta:  69
ev:         609  track:           0 phi: 4280, theta:  49
ev:         619  track:           0 phi: 4460, theta:  12
ev:         629  track:           0 phi: 2012, theta:  78
ev:         639  track:           0 phi: 4404, theta:  32
ev:         649  track:           0 phi: 1988, theta:  55
ev:         659  track:           0 phi: 4032, theta:  63
ev:         679  track:           0 phi:  596, theta:  37
ev:         689  track:           0 phi: 4212, theta:   7
ev:         699  track:           0 phi: 4124, theta:  93
ev:         709  track:           0 phi: 2284, theta:  82
ev:         719  track:           0 phi: 3248, theta:  87
ev:         729  track:           0 phi: 4716, theta:   9
ev:         739  track:           0 phi: 4380, theta:  17
ev:         749  track:           0 phi: 1962, theta:  10
ev:         759  track:           0 phi: 1127, theta:  88
ev:         769  track:           0 phi: 2792, theta:  83
ev:         779  track:           0 phi: 1552, theta: 107
ev:         789  track:           0 phi: 4052, theta:  12
ev:         799  track:           0 phi: 4201, theta:  95
ev:         809  track:           0 phi: 1424, theta:  57
ev:         819  track:           0 phi: 1220, theta:  55
ev:         829  track:           0 phi:  852, theta:  16
ev:         839  track:           0 phi: 4684, theta:  75
ev:         849  track:           0 phi: 3004, theta:  82
ev:         859  track:           0 phi:  976, theta:  52
ev:         869  track:           0 phi: 4900, theta:  17
ev:         879  track:           0 phi: 2436, theta:  93
ev:         889  track:           0 phi: 2932, theta:  60
ev:         899  track:           0 phi: 4734, theta:   7
ev:         909  track:           0 phi: 3900, theta:  13
ev:         919  track:           0 phi:  428, theta:  21
ev:         929  track:           0 phi: 2204, theta:  41
ev:         939  track:           0 phi:  822, theta:  20
ev:         949  track:           0 phi: 2580, theta:  16
ev:         959  track:           0 phi: 2892, theta:  32
ev:         969  track:           0 phi: 2372, theta:  35
ev:         979  track:           0 phi: 3940, theta:  50
ev:         989  track:           0 phi: 4508, theta:  78
ev:         999  track:           0 phi: 2658, theta:  30
ev:        1009  track:           0 phi: 1008, theta:  93
ev:        1019  track:           0 phi:  188, theta:  33
ev:        1029  track:           0 phi: 1484, theta:   6
ev:        1039  track:           0 phi: 3204, theta:  34
ev:        1049  track:           0 phi: 1956, theta:  41
ev:        1059  track:           0 phi: 4280, theta:  86
ev:        1069  track:           0 phi: 2532, theta:  39
ev:        1079  track:           0 phi: 3136, theta:  86
ev:        1089  track:           0 phi: 4206, theta:  78
ev:        1099  track:           0 phi: 2889, theta: 100
ev:        1109  track:           0 phi: 1468, theta:  13
ev:        1119  track:           0 phi: 3060, theta:  45
ev:        1129  track:           0 phi: 3840, theta:  70
ev:        1139  track:           0 phi: 4244, theta:  22
ev:        1149  track:           0 phi: 1100, theta: 103
ev:        1159  track:           0 phi:  833, theta: 103
ev:        1169  track:           0 phi: 3283, theta: 105
ev:        1179  track:           0 phi: 3325, theta:  46
ev:        1199  track:           0 phi: 4168, theta:  72
ev:        1209  track:           0 phi: 2660, theta:  10
ev:        1219  track:           0 phi: 2340, theta:  88
ev:        1229  track:           0 phi:  946, theta:  28
ev:        1239  track:           0 phi: 3287, theta:  66
ev:        1249  track:           0 phi:  244, theta:  30
ev:        1259  track:           0 phi: 1234, theta:  30
ev:        1269  track:           0 phi: 3340, theta:  42
ev:        1279  track:           0 phi: 4484, theta:  44
ev:        1289  track:           0 phi: 3504, theta:  94
ev:        1299  track:           0 phi:  924, theta: 105
ev:        1309  track:           0 phi: 3836, theta:   5
ev:        1319  track:           0 phi: 2796, theta:  30
ev:        1329  track:           0 phi: 2844, theta:  70
ev:        1349  track:           0 phi: 4476, theta:  27
ev:        1359  track:           0 phi: 2860, theta:  21
ev:        1369  track:           0 phi: 3668, theta:   8
ev:        1379  track:           0 phi: 2140, theta:  38
ev:        1389  track:           0 phi: 2340, theta:  50
ev:        1399  track:           0 phi: 2196, theta:   7
ev:        1409  track:           0 phi: 1104, theta:  56
ev:        1419  track:           0 phi: 1508, theta:  54
ev:        1429  track:           0 phi: 3244, theta:  35
ev:        1439  track:           0 phi: 2220, theta:  83
ev:        1449  track:           0 phi: 1416, theta:  65
ev:        1459  track:           0 phi: 3804, theta:   7
ev:        1469  track:           0 phi:  356, theta:  11
ev:        1479  track:           0 phi: 2576, theta:  51
ev:        1489  track:           0 phi: 1180, theta:  12
ev:        1499  track:           0 phi: 1900, theta:  12
ev:        1509  track:           0 phi: 1704, theta:  68
ev:        1519  track:           0 phi: 4766, theta:  17
ev:        1529  track:           0 phi: 4428, theta:  31
ev:        1539  track:           0 phi: 3912, theta: 107
ev:        1549  track:           0 phi: 1068, theta:  87
ev:        1559  track:           0 phi:  788, theta:  12
ev:        1569  track:           0 phi: 1804, theta:  41
ev:        1579  track:           0 phi: 2404, theta:  15
ev:        1589  track:           0 phi: 3428, theta:   8
ev:        1599  track:           0 phi: 3412, theta:  63
ev:        1609  track:           0 phi: 1660, theta:   7
ev:        1619  track:           0 phi: 3788, theta:  92
ev:        1629  track:           0 phi: 3388, theta:   7
ev:        1639  track:           0 phi: 2845, theta:  54
ev:        1649  track:           0 phi: 4796, theta: 105
ev:        1659  track:           0 phi: 1756, theta:  11
ev:        1669  track:           0 phi: 1650, theta:  20
ev:        1679  track:           0 phi: 2972, theta:  92
ev:        1689  track:           0 phi: 3424, theta:  70
ev:        1699  track:           0 phi: 3184, theta:  69
ev:        1709  track:           0 phi: 3268, theta:  45
ev:        1719  track:           0 phi: 2456, theta:  82
ev:        1729  track:           0 phi: 4110, theta:  13
ev:        1739  track:           0 phi: 4404, theta:  50
ev:        1749  track:           0 phi: 3236, theta:  32
ev:        1759  track:           0 phi: 2060, theta:  33
ev:        1769  track:           0 phi:  996, theta:  46
ev:        1779  track:           0 phi: 1836, theta:   8
ev:        1789  track:           0 phi: 4068, theta:  44
ev:        1799  track:           0 phi: 1356, theta:  51
ev:        1809  track:           0 phi: 3492, theta:  10
ev:        1819  track:           0 phi: 2788, theta:   6
ev:        1829  track:           0 phi: 4044, theta:  38
ev:        1839  track:           0 phi: 1860, theta:  84
ev:        1849  track:           0 phi: 2298, theta:  24
ev:        1859  track:           0 phi: 3982, theta:  26
ev:        1869  track:           0 phi: 4212, theta:  35
ev:        1879  track:           0 phi: 1932, theta:  80
ev:        1889  track:           0 phi: 4932, theta:  26
ev:        1899  track:           0 phi: 1044, theta:  18
ev:        1909  track:           0 phi: 1804, theta:   6
ev:        1919  track:           0 phi: 3424, theta:  60
ev:        1929  track:           0 phi: 2068, theta:   9
ev:        1939  track:           0 phi: 2134, theta:  13
ev:        1949  track:           0 phi: 2916, theta:  14
ev:        1959  track:           0 phi: 2208, theta:  56
ev:        1969  track:           0 phi: 1020, theta:  52
ev:        1979  track:           0 phi:  930, theta:  10
ev:        1989  track:           0 phi: 2524, theta:  84
ev:        1999  track:           0 phi:  580, theta:   6
ev:        2009  track:           0 phi: 3916, theta:  12
ev:        2019  track:           0 phi: 3012, theta: 101
ev:        2029  track:           0 phi:  708, theta:  16
ev:        2039  track:           0 phi:  796, theta:  14
ev:        2049  track:           0 phi: 1318, theta:  28
ev:        2059  track:           0 phi: 2668, theta:  21
ev:        2069  track:           0 phi: 1560, theta:  97
ev:        2079  track:           0 phi: 4937, theta:  74
ev:        2089  track:           0 phi: 1060, theta:   9
ev:        2099  track:           0 phi:  636, theta:  35
ev:        2109  track:           0 phi: 2636, theta:  16
ev:        2119  track:           0 phi:  572, theta:  14
ev:        2129  track:           0 phi: 1340, theta:  76
ev:        2139  track:           0 phi: 2500, theta:  20
ev:        2149  track:           0 phi: 3175, theta:  88
ev:        2159  track:           0 phi: 4776, theta:  70
ev:        2169  track:           0 phi: 1900, theta:  35
ev:        2179  track:           0 phi: 1956, theta:  43
ev:        2189  track:           0 phi: 1652, theta:  11
ev:        2199  track:           0 phi: 2729, theta:  52
ev:        2209  track:           0 phi: 2264, theta:  57
ev:        2219  track:           0 phi: 1540, theta:  31
ev:        2229  track:           0 phi: 1348, theta:   5
ev:        2239  track:           0 phi: 4284, theta:  26
ev:        2249  track:           0 phi: 2028, theta:  15
ev:        2259  track:           0 phi: 2355, theta:  71
ev:        2279  track:           0 phi: 3732, theta:  24
ev:        2299  track:           0 phi: 3684, theta:  11
ev:        2309  track:           0 phi: 4532, theta:  39
ev:        2319  track:           0 phi: 2204, theta: 104
ev:        2329  track:           0 phi: 3740, theta:  13
ev:        2339  track:           0 phi: 4484, theta:   8
ev:        2349  track:           0 phi: 4684, theta:  35
ev:        2359  track:           0 phi: 1620, theta:  89
ev:        2369  track:           0 phi: 2225, theta: 105
ev:        2379  track:           0 phi:  396, theta:  22
ev:        2389  track:           0 phi: 3292, theta:  10
ev:        2399  track:           0 phi: 3676, theta:  65
ev:        2409  track:           0 phi: 4296, theta:  75
ev:        2419  track:           0 phi: 2132, theta:  12
ev:        2429  track:           0 phi: 4868, theta:  84
ev:        2439  track:           0 phi: 4604, theta:  33
ev:        2449  track:           0 phi: 1740, theta:  96
ev:        2459  track:           0 phi: 4160, theta:  91
ev:        2469  track:           0 phi: 2756, theta:   5
ev:        2479  track:           0 phi: 2264, theta:  58
ev:        2489  track:           0 phi:  828, theta:  23
ev:        2499  track:           0 phi: 1036, theta:  12
ev:        2509  track:           0 phi: 2972, theta:  12
ev:        2519  track:           0 phi: 2716, theta:  14
ev:        2529  track:           0 phi: 2836, theta:  86
ev:        2539  track:           0 phi: 4404, theta:  18
ev:        2549  track:           0 phi: 4424, theta:  50
ev:        2559  track:           0 phi: 2340, theta: 106
ev:        2569  track:           0 phi: 1196, theta:  11
ev:        2579  track:           0 phi: 3742, theta:  35
ev:        2589  track:           0 phi: 1340, theta:  11
ev:        2599  track:           0 phi: 1935, theta:  66
ev:        2609  track:           0 phi: 4766, theta:  41
ev:        2619  track:           0 phi: 1260, theta:  39
ev:        2629  track:           0 phi: 4092, theta:  31
ev:        2639  track:           0 phi: 3944, theta:  97
ev:        2649  track:           0 phi: 3740, theta:  14
ev:        2659  track:           0 phi: 2908, theta:  18
ev:        2669  track:           0 phi: 3896, theta:  97
ev:        2689  track:           0 phi: 4004, theta:  25
ev:        2699  track:           0 phi: 4828, theta:  67
ev:        2709  track:           0 phi: 4176, theta:  81
ev:        2719  track:           0 phi:  674, theta:  10
ev:        2729  track:           0 phi:  490, theta:  35
ev:        2739  track:           0 phi: 3647, theta:  75
ev:        2749  track:           0 phi: 3116, theta:  58
ev:        2759  track:           0 phi:  796, theta:  20
ev:        2779  track:           0 phi: 1748, theta:  35
ev:        2789  track:           0 phi: 4252, theta:  80
ev:        2799  track:           0 phi: 3932, theta:  53
ev:        2809  track:           0 phi: 4140, theta:  83
ev:        2819  track:           0 phi: 1828, theta:  29
ev:        2829  track:           0 phi: 1918, theta:  31
ev:        2839  track:           0 phi: 3668, theta:  14
ev:        2849  track:           0 phi:  388, theta:  13
ev:        2859  track:           0 phi: 1020, theta:  91
ev:        2869  track:           0 phi: 3084, theta:  72
ev:        2879  track:           0 phi: 2306, theta:  14
ev:        2889  track:           0 phi: 4609, theta:  55
ev:        2899  track:           0 phi: 1052, theta:   9
ev:        2909  track:           0 phi: 4298, theta:  45
ev:        2919  track:           0 phi: 3276, theta:  60
ev:        2929  track:           0 phi: 1076, theta:  16
ev:        2939  track:           0 phi: 2160, theta: 105
ev:        2949  track:           0 phi:  582, theta:  32
ev:        2959  track:           0 phi: 4052, theta:  26
ev:        2969  track:           0 phi: 3872, theta:  93
ev:        2979  track:           0 phi: 4032, theta:  50
ev:        2989  track:           0 phi: 1404, theta:  31
ev:        2999  track:           0 phi: 1372, theta:  14
ev:        3009  track:           0 phi: 2044, theta:  36
ev:        3019  track:           0 phi: 3136, theta:  69
ev:        3029  track:           0 phi: 4962, theta:  41
ev:        3039  track:           0 phi: 2668, theta:  18
ev:        3049  track:           0 phi: 3148, theta:  11
ev:        3059  track:           0 phi: 1572, theta:  62
ev:        3069  track:           0 phi: 3544, theta:  71
ev:        3079  track:           0 phi: 1832, theta: 106
ev:        3089  track:           0 phi: 4936, theta:  84
ev:        3099  track:           0 phi:  444, theta:   6
ev:        3109  track:           0 phi: 3836, theta:  16
ev:        3119  track:           0 phi: 2924, theta:   5
ev:        3129  track:           0 phi:  332, theta:   9
ev:        3139  track:           0 phi: 4820, theta:  38
ev:        3149  track:           0 phi: 1140, theta:  16
ev:        3159  track:           0 phi: 1748, theta:   7
ev:        3169  track:           0 phi: 4815, theta:  79
ev:        3179  track:           0 phi: 3764, theta:  21
ev:        3189  track:           0 phi: 1632, theta:  91
ev:        3199  track:           0 phi: 2340, theta:  13
ev:        3209  track:           0 phi: 2532, theta:  18
ev:        3219  track:           0 phi:  172, theta:  29
ev:        3229  track:           0 phi: 3720, theta:  91
ev:        3239  track:           0 phi: 2324, theta:  64
ev:        3249  track:           0 phi: 4892, theta:  25
ev:        3259  track:           0 phi: 2765, theta:  20
ev:        3269  track:           0 phi: 4220, theta:  20
ev:        3279  track:           0 phi: 3780, theta:  96
ev:        3289  track:           0 phi: 4432, theta:  81
ev:        3299  track:           0 phi: 1004, theta:  25
ev:        3309  track:           0 phi:  684, theta:  39
ev:        3319  track:           0 phi: 4244, theta:  26
ev:        3329  track:           0 phi: 3372, theta:  21
ev:        3339  track:           0 phi: 2692, theta:  78
ev:        3349  track:           0 phi: 3501, theta:  78
ev:        3359  track:           0 phi: 3804, theta:  44
ev:        3369  track:           0 phi:  844, theta:  96
ev:        3389  track:           0 phi: 1017, theta:  35
ev:        3399  track:           0 phi: 3908, theta:  20
ev:        3409  track:           0 phi: 4412, theta:  18
ev:        3419  track:           0 phi: 1740, theta:  19
ev:        3429  track:           0 phi: 1948, theta:  46
ev:        3439  track:           0 phi:  828, theta:  29
ev:        3449  track:           0 phi: 3624, theta:  70
ev:        3459  track:           0 phi: 2988, theta:  38
ev:        3469  track:           0 phi: 1120, theta:  83
ev:        3479  track:           0 phi:  900, theta:  48
ev:        3499  track:           0 phi: 1748, theta:  73
ev:        3509  track:           0 phi: 4124, theta:   5
ev:        3519  track:           0 phi: 2920, theta:  55
ev:        3529  track:           0 phi: 4099, theta: 106
ev:        3539  track:           0 phi:  808, theta:  76
ev:        3549  track:           0 phi:  948, theta:  15
ev:        3559  track:           0 phi:  340, theta:   8
ev:        3569  track:           0 phi: 1908, theta:  33
ev:        3579  track:           0 phi: 3052, theta:  33
ev:        3589  track:           0 phi: 1132, theta:  37
ev:        3599  track:           0 phi:  825, theta:  63
ev:        3609  track:           0 phi: 4684, theta:  44
ev:        3619  track:           0 phi:  348, theta:   6
ev:        3629  track:           0 phi: 1887, theta:  86
ev:        3639  track:           0 phi: 3784, theta:  78
ev:        3649  track:           0 phi:  924, theta:   9
ev:        3659  track:           0 phi:  462, theta:   8
ev:        3669  track:           0 phi: 2312, theta:  80
ev:        3679  track:           0 phi: 4428, theta:  15
ev:        3689  track:           0 phi:  532, theta:  37
ev:        3699  track:           0 phi: 4954, theta:  40
ev:        3709  track:           0 phi:  284, theta:   8
ev:        3719  track:           0 phi: 1144, theta:  78
ev:        3729  track:           0 phi: 4034, theta:   6
ev:        3739  track:           0 phi: 3036, theta:  51
ev:        3749  track:           0 phi: 1450, theta:  27
ev:        3759  track:           0 phi: 3928, theta:  92
ev:        3769  track:           0 phi:  332, theta:  25
ev:        3779  track:           0 phi: 1364, theta:  36
ev:        3799  track:           0 phi: 2188, theta:  65
ev:        3809  track:           0 phi: 1324, theta:  23
ev:        3819  track:           0 phi: 3992, theta:  69
ev:        3829  track:           0 phi:  952, theta:  54
ev:        3839  track:           0 phi: 3374, theta:  43
ev:        3849  track:           0 phi: 1044, theta:  22
ev:        3859  track:           0 phi: 1932, theta:  47
ev:        3869  track:           0 phi: 2916, theta:  81
ev:        3879  track:           0 phi: 3204, theta:  35
ev:        3889  track:           0 phi: 4068, theta:  24
ev:        3899  track:           0 phi: 1188, theta:  93
ev:        3909  track:           0 phi: 4700, theta:   8
ev:        3919  track:           0 phi: 3804, theta:  50
ev:        3929  track:           0 phi: 4620, theta:  29
ev:        3939  track:           0 phi: 1690, theta:  42
ev:        3949  track:           0 phi: 2124, theta:  10
ev:        3959  track:           0 phi: 1516, theta:  29
ev:        3969  track:           0 phi: 1164, theta:  12
ev:        3979  track:           0 phi: 4455, theta:  10
ev:        3989  track:           0 phi: 2612, theta:   5
ev:        3999  track:           0 phi: 4328, theta:  76
ev:        4009  track:           0 phi: 4478, theta:  20
ev:        4019  track:           0 phi: 2172, theta:  17
ev:        4029  track:           0 phi: 1046, theta:  44
ev:        4039  track:           0 phi: 3344, theta: 108
ev:        4049  track:           0 phi: 3228, theta:  39
ev:        4059  track:           0 phi: 1058, theta:  44
ev:        4069  track:           0 phi: 1006, theta:  18
ev:        4079  track:           0 phi: 1316, theta:  24
ev:        4089  track:           0 phi: 3297, theta:  78
ev:        4099  track:           0 phi: 4308, theta:  68
ev:        4109  track:           0 phi: 4516, theta:  57
ev:        4139  track:           0 phi: 1468, theta:  34
ev:        4149  track:           0 phi: 3677, theta:   7
ev:        4159  track:           0 phi: 3712, theta:  64
ev:        4169  track:           0 phi: 4780, theta: 110
ev:        4179  track:           0 phi: 3956, theta:  92
ev:        4189  track:           0 phi: 1188, theta:   9
ev:        4199  track:           0 phi: 2642, theta:  21
ev:        4209  track:           0 phi: 1387, theta:  88
ev:        4219  track:           0 phi: 1792, theta:  52
ev:        4229  track:           0 phi: 3820, theta:  42
ev:        4249  track:           0 phi: 2868, theta:   8
ev:        4259  track:           0 phi: 4308, theta:  20
ev:        4269  track:           0 phi:  532, theta:  12
ev:        4279  track:           0 phi: 1260, theta: 104
ev:        4289  track:           0 phi: 2276, theta:  46
ev:        4299  track:           0 phi: 4972, theta:  30
ev:        4309  track:           0 phi: 4124, theta:  24
ev:        4319  track:           0 phi: 2692, theta:  23
ev:        4329  track:           0 phi: 2261, theta:  90
ev:        4339  track:           0 phi:  832, theta:  64
ev:        4349  track:           0 phi: 2028, theta:  31
ev:        4359  track:           0 phi: 1745, theta:  21
ev:        4369  track:           0 phi: 2760, theta: 101
ev:        4379  track:           0 phi: 3152, theta:  49
ev:        4399  track:           0 phi: 3448, theta:  50
ev:        4409  track:           0 phi: 1324, theta:  45
ev:        4419  track:           0 phi: 1492, theta:   7
ev:        4429  track:           0 phi: 2841, theta: 103
ev:        4439  track:           0 phi: 2586, theta:  32
ev:        4449  track:           0 phi:  716, theta:  28
ev:        4459  track:           0 phi:  478, theta:  18
ev:        4469  track:           0 phi: 4780, theta:  14
ev:        4479  track:           0 phi:  970, theta:  39
ev:        4489  track:           0 phi: 2044, theta:   6
ev:        4499  track:           0 phi: 3443, theta:  69
ev:        4509  track:           0 phi: 2445, theta:  51
ev:        4519  track:           0 phi: 4958, theta:  20
ev:        4529  track:           0 phi: 4108, theta:  19
ev:        4539  track:           0 phi: 3889, theta: 105
ev:        4549  track:           0 phi: 3924, theta:  43
ev:        4559  track:           0 phi: 2184, theta: 104
ev:        4569  track:           0 phi:  292, theta:   8
ev:        4579  track:           0 phi: 1284, theta:  21
ev:        4589  track:           0 phi: 1986, theta:  21
ev:        4599  track:           0 phi: 3528, theta:  72
ev:        4609  track:           0 phi: 3548, theta:  47
ev:        4619  track:           0 phi: 3040, theta:  48
ev:        4629  track:           0 phi:  820, theta:  27
ev:        4639  track:           0 phi: 3524, theta:  76
ev:        4649  track:           0 phi: 1601, theta:  70
ev:        4659  track:           0 phi: 3980, theta:  19
ev:        4669  track:           0 phi: 2164, theta:  25
ev:        4679  track:           0 phi:  468, theta:  13
ev:        4689  track:           0 phi: 1188, theta:   9
ev:        4699  track:           0 phi: 4040, theta:  64
ev:        4709  track:           0 phi: 1644, theta:   6
ev:        4719  track:           0 phi:  148, theta:  16
ev:        4729  track:           0 phi: 1740, theta:  81
ev:        4739  track:           0 phi: 3780, theta:  14
ev:        4749  track:           0 phi:  832, theta:  48
ev:        4759  track:           0 phi:  268, theta:  14
ev:        4769  track:           0 phi: 4318, theta:  10
ev:        4779  track:           0 phi: 3022, theta:  40
ev:        4789  track:           0 phi: 2860, theta:  10
ev:        4799  track:           0 phi: 4444, theta:   8
ev:        4809  track:           0 phi: 2948, theta:  75
ev:        4819  track:           0 phi: 3940, theta:  83
ev:        4829  track:           0 phi: 1328, theta:  76
ev:        4839  track:           0 phi: 3772, theta:  34
ev:        4849  track:           0 phi: 1656, theta:  69
ev:        4859  track:           0 phi: 2988, theta:  73
ev:        4869  track:           0 phi: 3128, theta:  53
ev:        4879  track:           0 phi: 2494, theta:  86
ev:        4889  track:           0 phi: 2881, theta: 106
ev:        4899  track:           0 phi:  832, theta:  76
ev:        4909  track:           0 phi: 3662, theta:  36
ev:        4919  track:           0 phi: 1804, theta:  38
ev:        4929  track:           0 phi: 3528, theta:  51
ev:        4939  track:           0 phi:  948, theta:  35
ev:        4949  track:           0 phi: 3240, theta:  89
ev:        4959  track:           0 phi: 3060, theta:  32
ev:        4969  track:           0 phi: 3190, theta:  21
ev:        4979  track:           0 phi: 1860, theta:  68
ev:        4989  track:           0 phi: 1868, theta:  28
ev:        4999  track:           0 phi: 4070, theta:   5
ev:        5009  track:           0 phi: 2948, theta:  24
ev:        5019  track:           0 phi: 1572, theta:   5
ev:        5029  track:           0 phi: 2988, theta:  82
ev:        5039  track:           0 phi: 2852, theta:   5
ev:        5049  track:           0 phi: 4766, theta:  34
ev:        5059  track:           0 phi: 3838, theta:  34
ev:        5069  track:           0 phi: 2696, theta: 100
ev:        5079  track:           0 phi:  868, theta:  33
ev:        5089  track:           0 phi: 1884, theta:  27
ev:        5099  track:           0 phi: 3036, theta:  95
ev:        5109  track:           0 phi: 2504, theta:  71
ev:        5119  track:           0 phi: 2788, theta:  15
ev:        5139  track:           0 phi: 1492, theta:  37
ev:        5149  track:           0 phi: 4252, theta:  12
ev:        5159  track:           0 phi: 1460, theta:   9
ev:        5169  track:           0 phi: 2644, theta:  28
ev:        5179  track:           0 phi: 4400, theta:  69
ev:        5189  track:           0 phi: 3092, theta:  16
ev:        5199  track:           0 phi: 1250, theta:  37
ev:        5219  track:           0 phi: 1584, theta:  55
ev:        5229  track:           0 phi: 3117, theta:  56
ev:        5239  track:           0 phi: 1100, theta:  15
ev:        5249  track:           0 phi: 1308, theta:  69
ev:        5259  track:           0 phi: 1748, theta:  21
ev:        5269  track:           0 phi:  836, theta:  19
ev:        5279  track:           0 phi: 4472, theta:  93
ev:        5289  track:           0 phi: 3048, theta:  96
ev:        5299  track:           0 phi: 2554, theta:  17
ev:        5309  track:           0 phi: 2664, theta:  84
ev:        5319  track:           0 phi: 2419, theta:  75
ev:        5329  track:           0 phi: 4668, theta:  15
ev:        5339  track:           0 phi: 4425, theta:  52
ev:        5349  track:           0 phi: 3514, theta:  33
ev:        5359  track:           0 phi: 1812, theta:  51
ev:        5369  track:           0 phi: 4004, theta:  12
ev:        5379  track:           0 phi: 2093, theta:  74
ev:        5389  track:           0 phi:  668, theta:  16
ev:        5409  track:           0 phi:  580, theta:   6
ev:        5419  track:           0 phi: 4804, theta:  10
ev:        5429  track:           0 phi: 1259, theta:  68
ev:        5439  track:           0 phi:  492, theta:  11
ev:        5449  track:           0 phi: 3940, theta:  59
ev:        5459  track:           0 phi: 2588, theta:   6
ev:        5469  track:           0 phi: 2864, theta:  78
ev:        5479  track:           0 phi: 4308, theta:  45
ev:        5489  track:           0 phi: 1084, theta:  12
ev:        5499  track:           0 phi: 2316, theta:  27
ev:        5509  track:           0 phi: 2850, theta:  18
ev:        5519  track:           0 phi:  910, theta:  26
ev:        5529  track:           0 phi: 4364, theta:  16
ev:        5539  track:           0 phi:  252, theta:  28
ev:        5549  track:           0 phi:  292, theta:  11
ev:        5559  track:           0 phi: 4140, theta:  26
ev:        5569  track:           0 phi:  844, theta:  19
ev:        5579  track:           0 phi: 4488, theta:  94
ev:        5589  track:           0 phi: 4964, theta:   8
ev:        5599  track:           0 phi: 1012, theta:  19
ev:        5609  track:           0 phi: 2162, theta:  41
ev:        5619  track:           0 phi: 1604, theta:  20
ev:        5629  track:           0 phi: 4780, theta:  58
ev:        5639  track:           0 phi: 4828, theta:  12
ev:        5649  track:           0 phi: 1240, theta:  57
ev:        5659  track:           0 phi: 4356, theta:  17
ev:        5669  track:           0 phi: 2708, theta:  41
ev:        5679  track:           0 phi: 2724, theta:  15
ev:        5689  track:           0 phi: 4860, theta:  24
ev:        5699  track:           0 phi: 3964, theta:  36
ev:        5709  track:           0 phi: 2332, theta:  16
ev:        5719  track:           0 phi:  956, theta:  31
ev:        5729  track:           0 phi:  668, theta:   8
ev:        5739  track:           0 phi: 3462, theta:  21
ev:        5749  track:           0 phi: 3668, theta:  36
ev:        5759  track:           0 phi: 2692, theta:  78
ev:        5769  track:           0 phi: 2364, theta:  62
ev:        5779  track:           0 phi: 1164, theta:  10
ev:        5789  track:           0 phi: 3694, theta:  10
ev:        5799  track:           0 phi: 2100, theta:  26
ev:        5809  track:           0 phi: 3460, theta:  46
ev:        5819  track:           0 phi: 3244, theta:  10
ev:        5839  track:           0 phi: 4132, theta:  83
ev:        5849  track:           0 phi: 2510, theta:  43
ev:        5859  track:           0 phi:  290, theta:  24
ev:        5869  track:           0 phi: 2863, theta:  70
ev:        5879  track:           0 phi: 2440, theta:  78
ev:        5889  track:           0 phi:  860, theta:  79
ev:        5899  track:           0 phi: 2792, theta:  60
ev:        5909  track:           0 phi: 2664, theta:  79
ev:        5919  track:           0 phi: 4964, theta:  12
ev:        5929  track:           0 phi: 1236, theta:  23
ev:        5939  track:           0 phi: 1532, theta:  32
ev:        5949  track:           0 phi: 1548, theta:  94
ev:        5959  track:           0 phi: 2636, theta:  49
ev:        5969  track:           0 phi: 1660, theta:  15
ev:        5979  track:           0 phi: 3540, theta:   7
ev:        5989  track:           0 phi: 4500, theta:  81
ev:        5999  track:           0 phi: 1228, theta:  14
ev:        6009  track:           0 phi: 3084, theta:  79
ev:        6019  track:           0 phi: 3072, theta:  69
ev:        6029  track:           0 phi: 4948, theta:  19
ev:        6039  track:           0 phi: 1264, theta:  77
ev:        6049  track:           0 phi: 3308, theta:  25
ev:        6059  track:           0 phi: 4577, theta:  88
ev:        6069  track:           0 phi: 4428, theta:  13
ev:        6079  track:           0 phi: 1532, theta:  17
ev:        6089  track:           0 phi:  308, theta:  18
ev:        6099  track:           0 phi:  828, theta:  19
ev:        6109  track:           0 phi: 3002, theta:  28
ev:        6119  track:           0 phi: 2236, theta:  88
ev:        6129  track:           0 phi: 1396, theta:  15
ev:        6139  track:           0 phi:  835, theta:  55
ev:        6149  track:           0 phi: 2170, theta:  36
ev:        6159  track:           0 phi:  892, theta:  19
ev:        6169  track:           0 phi: 3644, theta:  83
ev:        6179  track:           0 phi:  804, theta:  75
ev:        6189  track:           0 phi: 1036, theta:  71
ev:        6199  track:           0 phi:  260, theta:  17
ev:        6209  track:           0 phi: 4116, theta:  76
ev:        6219  track:           0 phi:  676, theta:  17
ev:        6229  track:           0 phi: 4242, theta:  17
ev:        6239  track:           0 phi: 2396, theta:  33
ev:        6249  track:           0 phi:  956, theta:  44
ev:        6259  track:           0 phi: 4284, theta:  42
ev:        6269  track:           0 phi: 2108, theta:  34
ev:        6279  track:           0 phi: 2393, theta:  64
ev:        6289  track:           0 phi:  516, theta:  37
ev:        6299  track:           0 phi:  276, theta:  22
ev:        6309  track:           0 phi: 2280, theta:  88
ev:        6319  track:           0 phi:  564, theta:  20
ev:        6329  track:           0 phi: 2860, theta:   5
ev:        6339  track:           0 phi: 1988, theta:  16
ev:        6349  track:           0 phi: 1430, theta:  31
ev:        6359  track:           0 phi: 1692, theta:  46
ev:        6369  track:           0 phi: 2972, theta:  57
ev:        6379  track:           0 phi: 1684, theta:  10
ev:        6389  track:           0 phi: 3374, theta:  33
ev:        6399  track:           0 phi:  859, theta: 105
ev:        6409  track:           0 phi: 3854, theta:  36
ev:        6419  track:           0 phi: 1640, theta:  42
ev:        6429  track:           0 phi: 4156, theta:  35
ev:        6439  track:           0 phi: 2004, theta:   9
ev:        6449  track:           0 phi: 2636, theta:  19
ev:        6459  track:           0 phi: 2128, theta: 108
ev:        6469  track:           0 phi: 3012, theta: 107
ev:        6479  track:           0 phi: 3524, theta:  41
ev:        6489  track:           0 phi: 1700, theta:  24
ev:        6499  track:           0 phi: 4508, theta: 105
ev:        6509  track:           0 phi: 2180, theta:  12
ev:        6519  track:           0 phi: 2156, theta:  36
ev:        6529  track:           0 phi: 1060, theta:  81
ev:        6539  track:           0 phi:  885, theta:  78
ev:        6549  track:           0 phi:  916, theta:  82
ev:        6559  track:           0 phi: 1612, theta:   7
ev:        6569  track:           0 phi: 4692, theta:  43
ev:        6589  track:           0 phi: 4220, theta:  41
ev:        6599  track:           0 phi: 4911, theta:  67
ev:        6609  track:           0 phi:  878, theta:   8
ev:        6619  track:           0 phi: 4716, theta:   6
ev:        6629  track:           0 phi: 1076, theta:   7
ev:        6639  track:           0 phi: 4096, theta:  72
ev:        6649  track:           0 phi: 3112, theta:  61
ev:        6659  track:           0 phi:  140, theta:  24
ev:        6669  track:           0 phi: 1635, theta:  79
ev:        6679  track:           0 phi: 3780, theta:  34
ev:        6689  track:           0 phi: 2696, theta:  47
ev:        6699  track:           0 phi: 3624, theta:  84
ev:        6709  track:           0 phi: 4668, theta:  38
ev:        6719  track:           0 phi: 4750, theta:  42
ev:        6729  track:           0 phi: 1440, theta:  92
ev:        6739  track:           0 phi: 3300, theta:  99
ev:        6749  track:           0 phi: 3492, theta:  40
ev:        6759  track:           0 phi: 4880, theta:  86
ev:        6769  track:           0 phi: 1260, theta:  32
ev:        6779  track:           0 phi: 4316, theta:  41
ev:        6789  track:           0 phi: 2204, theta:  21
ev:        6799  track:           0 phi: 2172, theta:  24
ev:        6809  track:           0 phi: 4124, theta:  28
ev:        6829  track:           0 phi: 2144, theta:  68
ev:        6839  track:           0 phi: 4476, theta:  32
ev:        6849  track:           0 phi: 2524, theta:  11
ev:        6859  track:           0 phi: 2756, theta:  17
ev:        6869  track:           0 phi: 4852, theta:  14
ev:        6879  track:           0 phi: 2356, theta:  48
ev:        6889  track:           0 phi: 2276, theta:  95
ev:        6899  track:           0 phi: 3764, theta:  67
ev:        6909  track:           0 phi: 1958, theta:  55
ev:        6929  track:           0 phi: 2292, theta:  45
ev:        6939  track:           0 phi: 1416, theta:  60
ev:        6949  track:           0 phi: 1196, theta:  31
ev:        6959  track:           0 phi: 1172, theta:  64
ev:        6969  track:           0 phi: 1812, theta:  28
ev:        6979  track:           0 phi: 4392, theta:  51
ev:        6989  track:           0 phi: 3212, theta:  87
ev:        6999  track:           0 phi: 4732, theta: 108
ev:        7009  track:           0 phi: 4445, theta:  49
ev:        7029  track:           0 phi: 4156, theta:  47
ev:        7039  track:           0 phi: 4388, theta:  21
ev:        7049  track:           0 phi: 4868, theta: 107
ev:        7059  track:           0 phi: 4804, theta:  11
ev:        7069  track:           0 phi: 4057, theta:  76
ev:        7079  track:           0 phi: 1356, theta:  59
ev:        7089  track:           0 phi:  292, theta:  15
ev:        7099  track:           0 phi: 4028, theta:  23
ev:        7109  track:           0 phi: 1860, theta:  46
ev:        7119  track:           0 phi:  812, theta:  43
ev:        7129  track:           0 phi: 1524, theta:   9
ev:        7139  track:           0 phi: 1548, theta:  98
ev:        7149  track:           0 phi: 4466, theta:  24
ev:        7159  track:           0 phi: 1209, theta:  56
ev:        7169  track:           0 phi:  676, theta:  25
ev:        7179  track:           0 phi:  782, theta:  43
ev:        7189  track:           0 phi: 2116, theta:  31
ev:        7199  track:           0 phi: 1956, theta:  13
ev:        7209  track:           0 phi: 3564, theta:  46
ev:        7219  track:           0 phi: 3108, theta:  72
ev:        7239  track:           0 phi: 4749, theta: 105
ev:        7249  track:           0 phi: 2174, theta:  30
ev:        7259  track:           0 phi:  980, theta:  44
ev:        7269  track:           0 phi: 4496, theta:  77
ev:        7279  track:           0 phi: 1100, theta:  48
ev:        7289  track:           0 phi: 3003, theta:  34
ev:        7299  track:           0 phi:  796, theta:  22
ev:        7309  track:           0 phi: 4812, theta:  38
ev:        7319  track:           0 phi: 4500, theta:  38
ev:        7329  track:           0 phi: 3484, theta:   8
ev:        7339  track:           0 phi: 4284, theta:  47
ev:        7349  track:           0 phi: 2500, theta:  23
ev:        7359  track:           0 phi: 1108, theta:  83
ev:        7369  track:           0 phi: 4100, theta: 102
ev:        7379  track:           0 phi: 1824, theta:  99
ev:        7399  track:           0 phi: 1528, theta:  87
ev:        7409  track:           0 phi: 3865, theta:  53
ev:        7419  track:           0 phi: 1196, theta:  33
ev:        7429  track:           0 phi: 1164, theta:  37
ev:        7439  track:           0 phi:  134, theta:  28
ev:        7449  track:           0 phi: 4062, theta:  52
ev:        7459  track:           0 phi: 3960, theta:  82
ev:        7469  track:           0 phi: 3234, theta:  12
ev:        7479  track:           0 phi: 3456, theta:  50
ev:        7489  track:           0 phi: 3764, theta:  45
ev:        7499  track:           0 phi: 2260, theta:  10
ev:        7509  track:           0 phi: 3080, theta:  67
ev:        7519  track:           0 phi: 4028, theta:   8
ev:        7529  track:           0 phi: 4060, theta:  43
ev:        7539  track:           0 phi: 4244, theta:  24
ev:        7549  track:           0 phi: 3476, theta:  17
ev:        7559  track:           0 phi: 4340, theta:  27
ev:        7569  track:           0 phi: 1425, theta:  72
ev:        7579  track:           0 phi: 1385, theta:  52
ev:        7589  track:           0 phi: 2380, theta:   6
ev:        7599  track:           0 phi: 4460, theta:  38
ev:        7609  track:           0 phi: 3130, theta:  42
ev:        7619  track:           0 phi: 2060, theta:  43
ev:        7629  track:           0 phi: 2840, theta:  73
ev:        7639  track:           0 phi: 3850, theta:  25
ev:        7649  track:           0 phi: 2012, theta:  34
ev:        7659  track:           0 phi: 4512, theta:  92
ev:        7669  track:           0 phi:  276, theta:  19
ev:        7679  track:           0 phi: 2948, theta:  89
ev:        7689  track:           0 phi: 4692, theta:  79
ev:        7699  track:           0 phi: 4828, theta:  34
ev:        7709  track:           0 phi: 3167, theta:  75
ev:        7719  track:           0 phi: 2500, theta:   7
ev:        7729  track:           0 phi:  908, theta:  11
ev:        7739  track:           0 phi: 4656, theta:  88
ev:        7749  track:           0 phi: 1812, theta:  17
ev:        7759  track:           0 phi: 4664, theta:  76
ev:        7769  track:           0 phi: 3864, theta:  72
ev:        7779  track:           0 phi: 3388, theta:   9
ev:        7789  track:           0 phi: 2438, theta:  34
ev:        7799  track:           0 phi: 3564, theta:   9
ev:        7809  track:           0 phi: 1068, theta:  44
ev:        7819  track:           0 phi:  156, theta:  12
ev:        7829  track:           0 phi: 4212, theta:  17
ev:        7839  track:           0 phi: 4580, theta:  58
ev:        7849  track:           0 phi: 1908, theta:  45
ev:        7859  track:           0 phi: 4372, theta:  23
ev:        7869  track:           0 phi: 2978, theta:  52
ev:        7879  track:           0 phi: 2618, theta:   9
ev:        7889  track:           0 phi:  334, theta:  28
ev:        7899  track:           0 phi: 3323, theta: 103
ev:        7909  track:           0 phi: 2388, theta: 101
ev:        7919  track:           0 phi:  836, theta:  25
ev:        7929  track:           0 phi: 2052, theta:  20
ev:        7939  track:           0 phi: 3620, theta:  43
ev:        7949  track:           0 phi: 2972, theta:  20
ev:        7959  track:           0 phi: 3540, theta:  40
ev:        7969  track:           0 phi: 4316, theta:  42
ev:        7979  track:           0 phi: 2652, theta:  76
ev:        7989  track:           0 phi: 4636, theta:  14
ev:        7999  track:           0 phi: 4008, theta:  74
ev:        8009  track:           0 phi: 2356, theta: 101
ev:        8019  track:           0 phi: 3356, theta:  83
ev:        8029  track:           0 phi: 3028, theta:  73
ev:        8039  track:           0 phi:  708, theta:  21
ev:        8049  track:           0 phi: 2308, theta:   9
ev:        8059  track:           0 phi: 3838, theta:  14
ev:        8069  track:           0 phi: 3016, theta: 100
ev:        8079  track:           0 phi: 4851, theta:  74
ev:        8089  track:           0 phi: 2120, theta:  57
ev:        8109  track:           0 phi:  446, theta:  28
ev:        8119  track:           0 phi: 1388, theta:  41
ev:        8129  track:           0 phi: 4004, theta:  25
ev:        8139  track:           0 phi:  164, theta:  23
ev:        8149  track:           0 phi: 4540, theta: 109
ev:        8159  track:           0 phi: 2152, theta:  90
ev:        8169  track:           0 phi:  904, theta:  58
ev:        8179  track:           0 phi: 2188, theta:  77
ev:        8199  track:           0 phi: 1516, theta:  20
ev:        8209  track:           0 phi: 1127, theta:  79
ev:        8219  track:           0 phi: 2176, theta:  77
ev:        8229  track:           0 phi: 3768, theta:  70
ev:        8239  track:           0 phi: 1652, theta:  16
ev:        8249  track:           0 phi: 2729, theta:  28
ev:        8259  track:           0 phi: 2532, theta:   6
ev:        8269  track:           0 phi: 3680, theta:  81
ev:        8279  track:           0 phi: 2880, theta:  47
ev:        8289  track:           0 phi: 3706, theta:  32
ev:        8299  track:           0 phi: 4292, theta:  35
ev:        8309  track:           0 phi: 2308, theta:  64
ev:        8319  track:           0 phi: 3010, theta:  31
ev:        8329  track:           0 phi: 1570, theta:  44
ev:        8339  track:           0 phi: 2076, theta:  16
ev:        8349  track:           0 phi: 2924, theta:  57
ev:        8359  track:           0 phi: 3556, theta: 105
ev:        8369  track:           0 phi: 4084, theta:  26
ev:        8379  track:           0 phi: 2844, theta:   6
ev:        8389  track:           0 phi: 2644, theta:  17
ev:        8399  track:           0 phi: 4744, theta:  92
ev:        8409  track:           0 phi: 3714, theta:  14
ev:        8419  track:           0 phi: 4517, theta:  62
ev:        8429  track:           0 phi: 3620, theta:   7
ev:        8439  track:           0 phi: 3124, theta:  96
ev:        8459  track:           0 phi: 3200, theta:  78
ev:        8469  track:           0 phi: 2608, theta:  81
ev:        8479  track:           0 phi:  124, theta:  13
ev:        8489  track:           0 phi: 3924, theta:  17
ev:        8499  track:           0 phi: 1236, theta:  32
ev:        8509  track:           0 phi:  612, theta:  36
ev:        8519  track:           0 phi: 2076, theta:  28
ev:        8529  track:           0 phi: 1620, theta:  46
ev:        8539  track:           0 phi:  874, theta:  33
ev:        8549  track:           0 phi: 2498, theta:   7
ev:        8559  track:           0 phi: 3234, theta:  44
ev:        8569  track:           0 phi: 2308, theta:  10
ev:        8579  track:           0 phi: 2828, theta:  21
ev:        8589  track:           0 phi: 2948, theta:  13
ev:        8599  track:           0 phi: 2860, theta:  59
ev:        8609  track:           0 phi: 3124, theta:  39
ev:        8619  track:           0 phi: 4380, theta:  61
ev:        8629  track:           0 phi:  756, theta:  15
ev:        8639  track:           0 phi: 2012, theta:  64
ev:        8649  track:           0 phi: 4902, theta:  29
ev:        8659  track:           0 phi:  172, theta:  22
ev:        8669  track:           0 phi: 1946, theta:   7
ev:        8679  track:           0 phi: 1484, theta:  49
ev:        8689  track:           0 phi: 3660, theta:  12
ev:        8699  track:           0 phi: 3664, theta: 107
ev:        8709  track:           0 phi: 4812, theta:  12
ev:        8719  track:           0 phi: 2828, theta:  87
ev:        8729  track:           0 phi: 4517, theta:  57
ev:        8739  track:           0 phi: 3820, theta:  43
ev:        8749  track:           0 phi: 1540, theta:  96
ev:        8759  track:           0 phi: 2140, theta:  64
ev:        8769  track:           0 phi: 4396, theta:  60
ev:        8779  track:           0 phi: 3688, theta:  64
ev:        8789  track:           0 phi: 3340, theta:  59
ev:        8799  track:           0 phi: 1898, theta:  38
ev:        8809  track:           0 phi: 1476, theta:  10
ev:        8819  track:           0 phi: 4590, theta:  40
ev:        8829  track:           0 phi: 1436, theta:  12
ev:        8839  track:           0 phi: 3574, theta:  16
ev:        8849  track:           0 phi: 3764, theta:  30
ev:        8859  track:           0 phi: 2948, theta:  19
ev:        8869  track:           0 phi:  764, theta:  40
ev:        8879  track:           0 phi:  750, theta:  15
ev:        8889  track:           0 phi: 4270, theta:  44
ev:        8899  track:           0 phi: 4428, theta:  47
ev:        8909  track:           0 phi: 3201, theta:  57
ev:        8919  track:           0 phi: 4908, theta:  29
ev:        8929  track:           0 phi: 3940, theta:  54
ev:        8939  track:           0 phi: 2372, theta:  14
ev:        8949  track:           0 phi: 1006, theta:  29
ev:        8959  track:           0 phi: 1432, theta:  93
ev:        8969  track:           0 phi:  228, theta:  29
ev:        8979  track:           0 phi: 3318, theta:  23
ev:        8989  track:           0 phi:  828, theta:  27
ev:        8999  track:           0 phi: 2908, theta:   8
ev:        9009  track:           0 phi: 1225, theta: 111
ev:        9019  track:           0 phi: 3092, theta:  46
ev:        9029  track:           0 phi: 4129, theta: 100
ev:        9039  track:           0 phi: 3968, theta:  52
ev:        9049  track:           0 phi: 4499, theta:  98
ev:        9059  track:           0 phi: 2104, theta:  98
ev:        9069  track:           0 phi: 3392, theta:  70
ev:        9079  track:           0 phi: 2868, theta:  35
ev:        9089  track:           0 phi: 1432, theta:  96
ev:        9099  track:           0 phi:  769, theta:  92
ev:        9109  track:           0 phi: 4548, theta:  21
ev:        9119  track:           0 phi: 1148, theta:  14
ev:        9129  track:           0 phi: 4222, theta:  27
ev:        9139  track:           0 phi: 3402, theta:  16
ev:        9149  track:           0 phi: 3616, theta: 101
ev:        9159  track:           0 phi:  884, theta:  25
ev:        9169  track:           0 phi:  402, theta:  14
ev:        9179  track:           0 phi: 2820, theta:  61
ev:        9189  track:           0 phi: 1268, theta:  45
ev:        9209  track:           0 phi: 4356, theta:  24
ev:        9219  track:           0 phi: 4108, theta:  21
ev:        9229  track:           0 phi: 3256, theta:  93
ev:        9239  track:           0 phi: 4244, theta:   6
ev:        9249  track:           0 phi: 3953, theta:  62
ev:        9259  track:           0 phi: 1644, theta:  17
ev:        9269  track:           0 phi: 1628, theta:  71
ev:        9279  track:           0 phi: 2331, theta:  80
ev:        9289  track:           0 phi: 3976, theta: 104
ev:        9299  track:           0 phi: 2377, theta:  48
ev:        9309  track:           0 phi: 2608, theta:  55
ev:        9319  track:           0 phi: 4580, theta:  20
ev:        9329  track:           0 phi: 3265, theta: 108
ev:        9339  track:           0 phi: 3676, theta:  31
ev:        9349  track:           0 phi: 4220, theta:  70
ev:        9359  track:           0 phi: 1892, theta:  15
ev:        9369  track:           0 phi: 2724, theta:  96
ev:        9379  track:           0 phi: 1228, theta:  31
ev:        9389  track:           0 phi: 2156, theta:  20
ev:        9399  track:           0 phi: 3316, theta:  26
ev:        9409  track:           0 phi: 2308, theta:  11
ev:        9419  track:           0 phi:  772, theta:  27
ev:        9429  track:           0 phi: 1044, theta:  11
ev:        9439  track:           0 phi:  492, theta:  35
ev:        9449  track:           0 phi: 4217, theta:  89
ev:        9459  track:           0 phi: 4404, theta:  69
ev:        9469  track:           0 phi: 2444, theta:  15
ev:        9479  track:           0 phi: 1428, theta:   9
ev:        9489  track:           0 phi: 3846, theta:   6
ev:        9499  track:           0 phi:  644, theta:  33
ev:        9509  track:           0 phi: 1248, theta:  49
ev:        9519  track:           0 phi: 2657, theta:  64
ev:        9529  track:           0 phi: 2340, theta:  21
ev:        9549  track:           0 phi: 4586, theta:  28
ev:        9559  track:           0 phi: 3904, theta:  96
ev:        9569  track:           0 phi: 2288, theta:  49
ev:        9579  track:           0 phi: 4604, theta:  56
ev:        9589  track:           0 phi: 3108, theta:  84
ev:        9599  track:           0 phi: 2612, theta:  35
ev:        9609  track:           0 phi: 1766, theta:  20
ev:        9619  track:           0 phi: 1828, theta:  16
ev:        9629  track:           0 phi: 4536, theta:  53
ev:        9639  track:           0 phi: 3660, theta:  16
ev:        9649  track:           0 phi: 1072, theta:  50
ev:        9659  track:           0 phi: 3820, theta:  27
ev:        9669  track:           0 phi:  710, theta:   7
ev:        9679  track:           0 phi: 3036, theta:  45
ev:        9689  track:           0 phi:  412, theta:  29
ev:        9699  track:           0 phi: 1533, theta:  89
ev:        9709  track:           0 phi: 4171, theta:  52
ev:        9719  track:           0 phi: 3977, theta:  75
ev:        9729  track:           0 phi: 4956, theta:  43
ev:        9739  track:           0 phi:  164, theta:   9
ev:        9749  track:           0 phi: 2328, theta:  89
ev:        9759  track:           0 phi: 3292, theta:  27
ev:        9779  track:           0 phi: 3620, theta:   7
ev:        9799  track:           0 phi: 3224, theta:  54
ev:        9809  track:           0 phi: 1252, theta:  18
ev:        9819  track:           0 phi: 1024, theta:  89
ev:        9829  track:           0 phi: 3376, theta:  85
ev:        9839  track:           0 phi:  316, theta:  33
ev:        9849  track:           0 phi: 1252, theta:   6
ev:        9859  track:           0 phi: 2924, theta:  21
ev:        9869  track:           0 phi: 3412, theta:  24
ev:        9879  track:           0 phi: 2164, theta:  40
ev:        9889  track:           0 phi: 3644, theta:  24
ev:        9899  track:           0 phi: 4948, theta:   7
ev:        9909  track:           0 phi: 3403, theta:  56
ev:        9919  track:           0 phi: 3804, theta:  79
ev:        9929  track:           0 phi: 3012, theta:   9
ev:        9939  track:           0 phi: 2972, theta:  18
ev:        9949  track:           0 phi: 2420, theta:   9
ev:        9959  track:           0 phi: 3380, theta:   6
ev:        9969  track:           0 phi: 2632, theta:  54
ev:        9979  track:           0 phi:  668, theta:  22
ev:        9989  track:           0 phi: 4612, theta:  23
ev:        9999  track:           0 phi: 3152, theta:  98
ev:       10009  track:           0 phi: 4084, theta:  96
ev:       10019  track:           0 phi: 4231, theta:  58
ev:       10029  track:           0 phi: 3172, theta:  39
ev:       10039  track:           0 phi: 1192, theta:  54
ev:       10049  track:           0 phi: 4148, theta:  60
ev:       10069  track:           0 phi:  746, theta:  41
ev:       10079  track:           0 phi: 1028, theta:  16
ev:       10089  track:           0 phi: 1332, theta:  80
ev:       10099  track:           0 phi: 4662, theta:  27
ev:       10109  track:           0 phi: 4628, theta:  26
ev:       10119  track:           0 phi: 1563, theta:  95
ev:       10129  track:           0 phi: 1760, theta:  67
ev:       10139  track:           0 phi: 3500, theta:  31
ev:       10149  track:           0 phi:  298, theta:  30
ev:       10159  track:           0 phi: 4024, theta:  82
ev:       10169  track:           0 phi: 3896, theta:  81
ev:       10179  track:           0 phi: 1929, theta:  63
ev:       10189  track:           0 phi: 4662, theta:  44
ev:       10199  track:           0 phi: 4452, theta:  18
ev:       10219  track:           0 phi: 2740, theta: 100
ev:       10229  track:           0 phi: 1972, theta:  12
ev:       10239  track:           0 phi: 2004, theta:  89
ev:       10249  track:           0 phi: 1308, theta:  26
ev:       10259  track:           0 phi: 4812, theta:  57
ev:       10269  track:           0 phi: 3516, theta:  17
ev:       10279  track:           0 phi: 4604, theta:  50
ev:       10289  track:           0 phi:  212, theta:   6
ev:       10299  track:           0 phi: 4045, theta:  87
ev:       10309  track:           0 phi: 4802, theta:  24
ev:       10319  track:           0 phi: 4640, theta:  80
ev:       10329  track:           0 phi: 1068, theta:   9
ev:       10339  track:           0 phi: 4300, theta:  20
ev:       10349  track:           0 phi: 3260, theta:  37
ev:       10359  track:           0 phi: 1127, theta:  64
ev:       10359  track:           1 phi:  828, theta:  64
ev:       10369  track:           0 phi: 2640, theta:  86
ev:       10379  track:           0 phi: 1664, theta:  78
ev:       10389  track:           0 phi:  140, theta:   8
ev:       10399  track:           0 phi: 2358, theta:  29
ev:       10409  track:           0 phi: 2250, theta:  13
ev:       10419  track:           0 phi:  788, theta:  42
ev:       10429  track:           0 phi: 1596, theta:  12
ev:       10439  track:           0 phi: 2180, theta:  23
ev:       10449  track:           0 phi: 4056, theta:  59
ev:       10459  track:           0 phi: 1692, theta:  55
ev:       10469  track:           0 phi: 3880, theta:  95
ev:       10479  track:           0 phi: 1868, theta:  31
ev:       10489  track:           0 phi: 2432, theta: 110
ev:       10499  track:           0 phi: 4468, theta:  15
ev:       10509  track:           0 phi: 2200, theta:  67
ev:       10519  track:           0 phi: 2420, theta:   9
ev:       10529  track:           0 phi: 3876, theta:   9
ev:       10539  track:           0 phi: 1164, theta:  33
ev:       10549  track:           0 phi: 2012, theta:  47
ev:       10559  track:           0 phi: 2176, theta:  77
ev:       10569  track:           0 phi: 4764, theta:  27
ev:       10579  track:           0 phi: 1738, theta:  20
ev:       10589  track:           0 phi: 4396, theta:  47
ev:       10599  track:           0 phi: 2277, theta: 108
ev:       10609  track:           0 phi: 2032, theta:  77
ev:       10619  track:           0 phi: 2300, theta:   9
ev:       10629  track:           0 phi:  924, theta:  11
ev:       10639  track:           0 phi: 2256, theta: 102
ev:       10649  track:           0 phi: 2076, theta:  33
ev:       10659  track:           0 phi: 3605, theta:  20
ev:       10669  track:           0 phi: 2124, theta:  35
ev:       10679  track:           0 phi: 3292, theta:  10
ev:       10689  track:           0 phi: 2527, theta:  58
ev:       10699  track:           0 phi: 4700, theta: 100
ev:       10709  track:           0 phi: 4612, theta:  22
ev:       10719  track:           0 phi: 1604, theta:  83
ev:       10729  track:           0 phi: 4532, theta:  71
ev:       10739  track:           0 phi: 4924, theta:  10
ev:       10749  track:           0 phi: 4808, theta:  62
ev:       10759  track:           0 phi: 4636, theta:  12
ev:       10769  track:           0 phi: 4128, theta:  96
ev:       10779  track:           0 phi: 4774, theta:  36
ev:       10789  track:           0 phi: 4024, theta:  84
ev:       10799  track:           0 phi:  980, theta:  44
ev:       10809  track:           0 phi: 3252, theta:  22
ev:       10819  track:           0 phi: 3324, theta:  15
ev:       10829  track:           0 phi: 3056, theta:  88
ev:       10839  track:           0 phi: 1940, theta:  59
ev:       10849  track:           0 phi: 2988, theta:  37
ev:       10859  track:           0 phi: 3620, theta:  12
ev:       10869  track:           0 phi: 1452, theta:  45
ev:       10879  track:           0 phi: 1120, theta:  50
ev:       10889  track:           0 phi:  860, theta:  12
ev:       10899  track:           0 phi: 2508, theta:  11
ev:       10909  track:           0 phi: 3092, theta:  13
ev:       10919  track:           0 phi:  844, theta: 107
ev:       10929  track:           0 phi: 2204, theta:  17
ev:       10939  track:           0 phi: 2516, theta:  75
ev:       10949  track:           0 phi: 3716, theta:  59
ev:       10959  track:           0 phi: 3508, theta:  25
ev:       10969  track:           0 phi: 1430, theta:  25
ev:       10979  track:           0 phi: 1728, theta:  92
ev:       10989  track:           0 phi: 3140, theta:  29
ev:       10999  track:           0 phi: 4322, theta:  19
ev:       11009  track:           0 phi: 1618, theta:   8
ev:       11019  track:           0 phi: 3164, theta:  50
ev:       11029  track:           0 phi: 4486, theta:  36
ev:       11039  track:           0 phi:  236, theta:  35
ev:       11049  track:           0 phi: 4272, theta:  72
ev:       11059  track:           0 phi: 4588, theta:  66
ev:       11069  track:           0 phi: 2948, theta:  86
ev:       11079  track:           0 phi:  924, theta:  10
ev:       11089  track:           0 phi: 2476, theta:  45
ev:       11099  track:           0 phi: 3116, theta:  29
ev:       11109  track:           0 phi: 3756, theta:  20
ev:       11119  track:           0 phi: 4604, theta:  74
ev:       11129  track:           0 phi: 1504, theta:  99
ev:       11139  track:           0 phi: 2152, theta:  74
ev:       11149  track:           0 phi: 1052, theta:   9
ev:       11159  track:           0 phi: 4046, theta:  46
ev:       11169  track:           0 phi: 3276, theta:  89
ev:       11179  track:           0 phi: 3148, theta:  22
ev:       11189  track:           0 phi:  388, theta:  26
ev:       11199  track:           0 phi:  124, theta:  18
ev:       11209  track:           0 phi: 2713, theta:  88
ev:       11219  track:           0 phi:  178, theta:  16
ev:       11239  track:           0 phi: 1004, theta:  74
ev:       11249  track:           0 phi:  306, theta:  16
ev:       11259  track:           0 phi: 2940, theta:  18
ev:       11269  track:           0 phi: 1396, theta:  63
ev:       11279  track:           0 phi:  316, theta:  19
ev:       11289  track:           0 phi: 2468, theta:  34
ev:       11299  track:           0 phi: 1164, theta:  27
ev:       11309  track:           0 phi: 3112, theta:  72
ev:       11319  track:           0 phi: 1052, theta:  30
ev:       11329  track:           0 phi:  844, theta:  21
ev:       11339  track:           0 phi: 2548, theta:  26
ev:       11349  track:           0 phi: 3388, theta:   8
ev:       11359  track:           0 phi: 4254, theta:  21
ev:       11369  track:           0 phi: 3780, theta:  41
ev:       11379  track:           0 phi: 1412, theta:  77
ev:       11389  track:           0 phi: 3436, theta:  70
ev:       11399  track:           0 phi: 2320, theta:  87
ev:       11409  track:           0 phi: 4852, theta:  20
ev:       11419  track:           0 phi: 4775, theta:  71
ev:       11429  track:           0 phi: 3908, theta:  19
ev:       11439  track:           0 phi: 1244, theta:  74
ev:       11449  track:           0 phi: 2316, theta:  13
ev:       11459  track:           0 phi: 4947, theta:  75
ev:       11469  track:           0 phi: 1874, theta:   9
ev:       11479  track:           0 phi: 4604, theta:  32
ev:       11489  track:           0 phi:  620, theta:  21
ev:       11499  track:           0 phi: 2653, theta:  20
ev:       11509  track:           0 phi: 2967, theta:   7
ev:       11519  track:           0 phi: 3636, theta:  32
ev:       11529  track:           0 phi: 3934, theta:  20
ev:       11539  track:           0 phi: 3892, theta:   7
ev:       11549  track:           0 phi: 3460, theta:  14
ev:       11559  track:           0 phi: 4172, theta:  12
ev:       11569  track:           0 phi: 1355, theta:  77
ev:       11579  track:           0 phi: 1520, theta:  61
ev:       11589  track:           0 phi: 1068, theta:  71
ev:       11599  track:           0 phi: 3886, theta:  31
ev:       11609  track:           0 phi: 3996, theta:  54
ev:       11619  track:           0 phi: 3040, theta:  71
ev:       11629  track:           0 phi: 3624, theta:  58
ev:       11639  track:           0 phi: 3388, theta:   7
ev:       11649  track:           0 phi: 2857, theta:  89
ev:       11659  track:           0 phi: 3898, theta:   9
ev:       11669  track:           0 phi: 2668, theta:  36
ev:       11679  track:           0 phi: 1028, theta:  78
ev:       11689  track:           0 phi: 4824, theta:  87
ev:       11699  track:           0 phi: 1088, theta:  50
ev:       11709  track:           0 phi: 4972, theta:  32
ev:       11719  track:           0 phi: 3204, theta:  50
ev:       11729  track:           0 phi: 4028, theta:  87
ev:       11739  track:           0 phi: 1654, theta:  19
ev:       11749  track:           0 phi: 4236, theta:   6
ev:       11759  track:           0 phi: 3340, theta:   8
ev:       11769  track:           0 phi: 1804, theta: 103
ev:       11779  track:           0 phi:  988, theta:  39
ev:       11789  track:           0 phi: 1740, theta:  51
ev:       11799  track:           0 phi: 3132, theta:  18
ev:       11809  track:           0 phi: 3192, theta:  60
ev:       11819  track:           0 phi: 3788, theta:  17
ev:       11829  track:           0 phi: 1948, theta:  25
ev:       11839  track:           0 phi: 3676, theta:  16
ev:       11849  track:           0 phi: 4684, theta:   8
ev:       11859  track:           0 phi: 4652, theta:  30
ev:       11869  track:           0 phi: 3004, theta:  13
ev:       11879  track:           0 phi: 1408, theta:  72
ev:       11889  track:           0 phi:  884, theta:  17
ev:       11899  track:           0 phi:  956, theta:   9
ev:       11909  track:           0 phi: 2572, theta:  32
ev:       11919  track:           0 phi: 4244, theta:  24
ev:       11939  track:           0 phi: 3416, theta: 100
ev:       11949  track:           0 phi: 1428, theta:  20
ev:       11959  track:           0 phi:  810, theta:  15
ev:       11969  track:           0 phi: 3004, theta:  13
ev:       11979  track:           0 phi: 1500, theta:  27
ev:       11989  track:           0 phi: 4276, theta:  47
ev:       11999  track:           0 phi: 4560, theta:  64
ev:       12009  track:           0 phi: 4760, theta:  60
ev:       12019  track:           0 phi: 1076, theta:  28
ev:       12029  track:           0 phi: 1216, theta:  77
ev:       12039  track:           0 phi: 4428, theta:  37
ev:       12049  track:           0 phi: 2380, theta:  25
ev:       12059  track:           0 phi: 1916, theta:  26
ev:       12069  track:           0 phi: 3898, theta:  30
ev:       12079  track:           0 phi:  220, theta:  13
ev:       12089  track:           0 phi:  148, theta:   8
ev:       12099  track:           0 phi: 2636, theta:  21
ev:       12109  track:           0 phi:  276, theta:  25
ev:       12119  track:           0 phi: 2596, theta:  19
ev:       12129  track:           0 phi:  452, theta:  30
ev:       12139  track:           0 phi: 4426, theta:  18
ev:       12149  track:           0 phi: 1596, theta:  23
ev:       12159  track:           0 phi: 3146, theta:  20
ev:       12169  track:           0 phi: 4972, theta:  38
ev:       12179  track:           0 phi: 4436, theta:  12
ev:       12189  track:           0 phi: 2284, theta:  21
ev:       12199  track:           0 phi:  588, theta:  28
ev:       12209  track:           0 phi: 2918, theta:  15
ev:       12219  track:           0 phi: 3972, theta:  10
ev:       12229  track:           0 phi: 2692, theta:  46
ev:       12239  track:           0 phi: 2060, theta:  93
ev:       12249  track:           0 phi: 4144, theta:  57
ev:       12259  track:           0 phi: 4500, theta:  46
ev:       12269  track:           0 phi: 2668, theta:  16
ev:       12279  track:           0 phi: 1268, theta:  85
ev:       12289  track:           0 phi: 3196, theta:  51
