

number= 0   event= 1000

number= 0   event= 1

number= 0   event= 2

number= 0   event= 3

number= 0   event= 4

number= 0   event= 5

number= 0   event= 6

number= 0   event= 7

number= 0   event= 8

number= 0   event= 9

number= 0   event= 10

number= 0   event= 11

number= 0   event= 12

number= 0   event= 13

number= 0   event= 14

number= 0   event= 15

number= 0   event= 16

number= 0   event= 17

number= 0   event= 18

number= 0   event= 19

number= 0   event= 20

number= 0   event= 21

number= 0   event= 22

number= 0   event= 23

number= 0   event= 24

number= 0   event= 25

number= 0   event= 26

number= 0   event= 27

number= 0   event= 28

number= 0   event= 29

number= 0   event= 30

number= 0   event= 31

number= 0   event= 32

number= 0   event= 33

number= 0   event= 34

number= 0   event= 35

number= 0   event= 36

number= 0   event= 37

number= 0   event= 38

number= 0   event= 39

number= 0   event= 40

number= 0   event= 41

number= 0   event= 42

number= 0   event= 43

number= 0   event= 44

number= 0   event= 45

number= 0   event= 46

number= 0   event= 47

number= 0   event= 48

number= 0   event= 49

number= 0   event= 50

number= 0   event= 51

number= 0   event= 52

number= 0   event= 53

number= 0   event= 54

number= 0   event= 55

number= 0   event= 56

number= 0   event= 57

number= 0   event= 58

number= 0   event= 59

number= 0   event= 60

number= 0   event= 61

number= 0   event= 62

number= 0   event= 63

number= 0   event= 64

number= 0   event= 65

number= 0   event= 66

number= 0   event= 67

number= 0   event= 68

number= 0   event= 69

number= 0   event= 70

number= 0   event= 71

number= 0   event= 72

number= 0   event= 73

number= 0   event= 74

number= 0   event= 75

number= 0   event= 76

number= 0   event= 77

number= 0   event= 78

number= 0   event= 79

number= 0   event= 80

number= 0   event= 81

number= 0   event= 82

number= 0   event= 83

number= 0   event= 84

number= 0   event= 85

number= 0   event= 86

number= 0   event= 87

number= 0   event= 88

number= 0   event= 89

number= 0   event= 90

number= 0   event= 91

number= 0   event= 92

number= 0   event= 93

number= 0   event= 94

number= 0   event= 95

number= 0   event= 96

number= 0   event= 97

number= 0   event= 98

number= 0   event= 99

number= 0   event= 100

number= 0   event= 101

number= 0   event= 102

number= 0   event= 103

number= 0   event= 104

number= 0   event= 105

number= 0   event= 106

number= 0   event= 107

number= 0   event= 108

number= 0   event= 109

number= 0   event= 110

number= 0   event= 111

number= 0   event= 112

number= 0   event= 113

number= 0   event= 114

number= 0   event= 115

number= 0   event= 116

number= 0   event= 117

number= 0   event= 118

number= 0   event= 119

number= 0   event= 120

number= 0   event= 121

number= 0   event= 122

number= 0   event= 123

number= 0   event= 124

number= 0   event= 125

number= 0   event= 126

number= 0   event= 127

number= 0   event= 128

number= 0   event= 129

number= 0   event= 130

number= 0   event= 131

number= 0   event= 132

number= 0   event= 133

number= 0   event= 134

number= 0   event= 135

number= 0   event= 136

number= 0   event= 137

number= 0   event= 138

number= 0   event= 139

number= 0   event= 140

number= 0   event= 141

number= 0   event= 142

number= 0   event= 143

number= 0   event= 144

number= 0   event= 145

number= 0   event= 146

number= 0   event= 147

number= 0   event= 148

number= 0   event= 149

number= 0   event= 150

number= 0   event= 151

number= 0   event= 152

number= 0   event= 153

number= 0   event= 154

number= 0   event= 155

number= 0   event= 156

number= 0   event= 157

number= 0   event= 158

number= 0   event= 159

number= 0   event= 160

number= 0   event= 161

number= 0   event= 162

number= 0   event= 163

number= 0   event= 164

number= 0   event= 165

number= 0   event= 166

number= 0   event= 167

number= 0   event= 168

number= 0   event= 169

number= 0   event= 170

number= 0   event= 171

number= 0   event= 172

number= 0   event= 173

number= 0   event= 174

number= 0   event= 175

number= 0   event= 176

number= 0   event= 177

number= 0   event= 178

number= 0   event= 179

number= 0   event= 180

number= 0   event= 181

number= 0   event= 182

number= 0   event= 183

number= 0   event= 184

number= 0   event= 185

number= 0   event= 186

number= 0   event= 187

number= 0   event= 188

number= 0   event= 189

number= 0   event= 190

number= 0   event= 191

number= 0   event= 192

number= 0   event= 193

number= 0   event= 194

number= 0   event= 195

number= 0   event= 196

number= 0   event= 197

number= 0   event= 198

number= 0   event= 199

number= 0   event= 200

number= 0   event= 201

number= 0   event= 202

number= 0   event= 203

number= 0   event= 204

number= 0   event= 205

number= 0   event= 206

number= 0   event= 207

number= 0   event= 208

number= 0   event= 209

number= 0   event= 210

number= 0   event= 211

number= 0   event= 212

number= 0   event= 213

number= 0   event= 214

number= 0   event= 215

number= 0   event= 216

number= 0   event= 217

number= 0   event= 218

number= 0   event= 219

number= 0   event= 220

number= 0   event= 221

number= 0   event= 222

number= 0   event= 223

number= 0   event= 224

number= 0   event= 225

number= 0   event= 226

number= 0   event= 227

number= 0   event= 228

number= 0   event= 229

number= 0   event= 230

number= 0   event= 231

number= 0   event= 232

number= 0   event= 233

number= 0   event= 234

number= 0   event= 235

number= 0   event= 236

number= 0   event= 237

number= 0   event= 238

number= 0   event= 239

number= 0   event= 240

number= 0   event= 241

number= 0   event= 242

number= 0   event= 243

number= 0   event= 244

number= 0   event= 245

number= 0   event= 246

number= 0   event= 247

number= 0   event= 248

number= 0   event= 249

number= 0   event= 250

number= 0   event= 251

number= 0   event= 252

number= 0   event= 253

number= 0   event= 254

number= 0   event= 255

number= 0   event= 256

number= 0   event= 257

number= 0   event= 258

number= 0   event= 259

number= 0   event= 260

number= 0   event= 261

number= 0   event= 262

number= 0   event= 263

number= 0   event= 264

number= 0   event= 265

number= 0   event= 266

number= 0   event= 267

number= 0   event= 268

number= 0   event= 269

number= 0   event= 270

number= 0   event= 271

number= 0   event= 272

number= 0   event= 273

number= 0   event= 274

number= 0   event= 275

number= 0   event= 276

number= 0   event= 277

number= 0   event= 278

number= 0   event= 279

number= 0   event= 280

number= 0   event= 281

number= 0   event= 282

number= 0   event= 283

number= 0   event= 284

number= 0   event= 285

number= 0   event= 286

number= 0   event= 287

number= 0   event= 288

number= 0   event= 289

number= 0   event= 290

number= 0   event= 291

number= 0   event= 292

number= 0   event= 293

number= 0   event= 294

number= 0   event= 295

number= 0   event= 296

number= 0   event= 297

number= 0   event= 298

number= 0   event= 299

number= 0   event= 300

number= 0   event= 301

number= 0   event= 302

number= 0   event= 303

number= 0   event= 304

number= 0   event= 305

number= 0   event= 306

number= 0   event= 307

number= 0   event= 308

number= 0   event= 309

number= 0   event= 310

number= 0   event= 311

number= 0   event= 312

number= 0   event= 313

number= 0   event= 314

number= 0   event= 315

number= 0   event= 316

number= 0   event= 317

number= 0   event= 318

number= 0   event= 319

number= 0   event= 320

number= 0   event= 321

number= 0   event= 322

number= 0   event= 323

number= 0   event= 324

number= 0   event= 325

number= 0   event= 326

number= 0   event= 327

number= 0   event= 328

number= 0   event= 329

number= 0   event= 330

number= 0   event= 331

number= 0   event= 332

number= 0   event= 333

number= 0   event= 334

number= 0   event= 335

number= 0   event= 336

number= 0   event= 337

number= 0   event= 338

number= 0   event= 339

number= 0   event= 340

number= 0   event= 341

number= 0   event= 342

number= 0   event= 343

number= 0   event= 344

number= 0   event= 345

number= 0   event= 346

number= 0   event= 347

number= 0   event= 348

number= 0   event= 349

number= 0   event= 350

number= 0   event= 351

number= 0   event= 352

number= 0   event= 353

number= 0   event= 354

number= 0   event= 355

number= 0   event= 356

number= 0   event= 357

number= 0   event= 358

number= 0   event= 359

number= 0   event= 360

number= 0   event= 361

number= 0   event= 362

number= 0   event= 363

number= 0   event= 364

number= 0   event= 365

number= 0   event= 366

number= 0   event= 367

number= 0   event= 368

number= 0   event= 369

number= 0   event= 370

number= 0   event= 371

number= 0   event= 372

number= 0   event= 373

number= 0   event= 374

number= 0   event= 375

number= 0   event= 376

number= 0   event= 377

number= 0   event= 378

number= 0   event= 379

number= 0   event= 380

number= 0   event= 381

number= 0   event= 382

number= 0   event= 383

number= 0   event= 384

number= 0   event= 385

number= 0   event= 386

number= 0   event= 387

number= 0   event= 388

number= 0   event= 389

number= 0   event= 390

number= 0   event= 391

number= 0   event= 392

number= 0   event= 393

number= 0   event= 394

number= 0   event= 395

number= 0   event= 396

number= 0   event= 397

number= 0   event= 398

number= 0   event= 399

number= 0   event= 400

number= 0   event= 401

number= 0   event= 402

number= 0   event= 403

number= 0   event= 404

number= 0   event= 405

number= 0   event= 406

number= 0   event= 407

number= 0   event= 408

number= 0   event= 409

number= 0   event= 410

number= 0   event= 411

number= 0   event= 412

number= 0   event= 413

number= 0   event= 414

number= 0   event= 415

number= 0   event= 416

number= 0   event= 417

number= 0   event= 418

number= 0   event= 419

number= 0   event= 420

number= 0   event= 421

number= 0   event= 422

number= 0   event= 423

number= 0   event= 424

number= 0   event= 425

number= 0   event= 426

number= 0   event= 427

number= 0   event= 428

number= 0   event= 429

number= 0   event= 430

number= 0   event= 431

number= 0   event= 432

number= 0   event= 433

number= 0   event= 434

number= 0   event= 435

number= 0   event= 436

number= 0   event= 437

number= 0   event= 438

number= 0   event= 439

number= 0   event= 440

number= 0   event= 441

number= 0   event= 442

number= 0   event= 443

number= 0   event= 444

number= 0   event= 445

number= 0   event= 446

number= 0   event= 447

number= 0   event= 448

number= 0   event= 449

number= 0   event= 450

number= 0   event= 451

number= 0   event= 452

number= 0   event= 453

number= 0   event= 454

number= 0   event= 455

number= 0   event= 456

number= 0   event= 457

number= 0   event= 458

number= 0   event= 459

number= 0   event= 460

number= 0   event= 461

number= 0   event= 462

number= 0   event= 463

number= 0   event= 464

number= 0   event= 465

number= 0   event= 466

number= 0   event= 467

number= 0   event= 468

number= 0   event= 469

number= 0   event= 470

number= 0   event= 471

number= 0   event= 472

number= 0   event= 473

number= 0   event= 474

number= 0   event= 475

number= 0   event= 476

number= 0   event= 477

number= 0   event= 478

number= 0   event= 479

number= 0   event= 480

number= 0   event= 481

number= 0   event= 482

number= 0   event= 483

number= 0   event= 484

number= 0   event= 485

number= 0   event= 486

number= 0   event= 487

number= 0   event= 488

number= 0   event= 489

number= 0   event= 490

number= 0   event= 491

number= 0   event= 492

number= 0   event= 493

number= 0   event= 494

number= 0   event= 495

number= 0   event= 496

number= 0   event= 497

number= 0   event= 498

number= 0   event= 499

number= 0   event= 500

number= 0   event= 501

number= 0   event= 502

number= 0   event= 503

number= 0   event= 504

number= 0   event= 505

number= 0   event= 506

number= 0   event= 507

number= 0   event= 508

number= 0   event= 509

number= 0   event= 510

number= 0   event= 511

number= 0   event= 512

number= 0   event= 513

number= 0   event= 514

number= 0   event= 515

number= 0   event= 516

number= 0   event= 517

number= 0   event= 518

number= 0   event= 519

number= 0   event= 520

number= 0   event= 521

number= 0   event= 522

number= 0   event= 523

number= 0   event= 524

number= 0   event= 525

number= 0   event= 526

number= 0   event= 527

number= 0   event= 528

number= 0   event= 529

number= 0   event= 530

number= 0   event= 531

number= 0   event= 532

number= 0   event= 533

number= 0   event= 534

number= 0   event= 535

number= 0   event= 536

number= 0   event= 537

number= 0   event= 538

number= 0   event= 539

number= 0   event= 540

number= 0   event= 541

number= 0   event= 542

number= 0   event= 543

number= 0   event= 544

number= 0   event= 545

number= 0   event= 546

number= 0   event= 547

number= 0   event= 548

number= 0   event= 549

number= 0   event= 550

number= 0   event= 551

number= 0   event= 552

number= 0   event= 553

number= 0   event= 554

number= 0   event= 555

number= 0   event= 556

number= 0   event= 557

number= 0   event= 558

number= 0   event= 559

number= 0   event= 560

number= 0   event= 561

number= 0   event= 562

number= 0   event= 563

number= 0   event= 564

number= 0   event= 565

number= 0   event= 566

number= 0   event= 567

number= 0   event= 568

number= 0   event= 569

number= 0   event= 570

number= 0   event= 571

number= 0   event= 572

number= 0   event= 573

number= 0   event= 574

number= 0   event= 575

number= 0   event= 576

number= 0   event= 577

number= 0   event= 578

number= 0   event= 579

number= 0   event= 580

number= 0   event= 581

number= 0   event= 582

number= 0   event= 583

number= 0   event= 584

number= 0   event= 585

number= 0   event= 586

number= 0   event= 587

number= 0   event= 588

number= 0   event= 589

number= 0   event= 590

number= 0   event= 591

number= 0   event= 592

number= 0   event= 593

number= 0   event= 594

number= 0   event= 595

number= 0   event= 596

number= 0   event= 597

number= 0   event= 598

number= 0   event= 599

number= 0   event= 600

number= 0   event= 601

number= 0   event= 602

number= 0   event= 603

number= 0   event= 604

number= 0   event= 605

number= 0   event= 606

number= 0   event= 607

number= 0   event= 608

number= 0   event= 609

number= 0   event= 610

number= 0   event= 611

number= 0   event= 612

number= 0   event= 613

number= 0   event= 614

number= 0   event= 615

number= 0   event= 616

number= 0   event= 617

number= 0   event= 618

number= 0   event= 619

number= 0   event= 620

number= 0   event= 621

number= 0   event= 622

number= 0   event= 623

number= 0   event= 624

number= 0   event= 625

number= 0   event= 626

number= 0   event= 627

number= 0   event= 628

number= 0   event= 629

number= 0   event= 630

number= 0   event= 631

number= 0   event= 632

number= 0   event= 633

number= 0   event= 634

number= 0   event= 635

number= 0   event= 636

number= 0   event= 637

number= 0   event= 638

number= 0   event= 639

number= 0   event= 640

number= 0   event= 641

number= 0   event= 642

number= 0   event= 643

number= 0   event= 644

number= 0   event= 645

number= 0   event= 646

number= 0   event= 647

number= 0   event= 648

number= 0   event= 649

number= 0   event= 650

number= 0   event= 651

number= 0   event= 652

number= 0   event= 653

number= 0   event= 654

number= 0   event= 655

number= 0   event= 656

number= 0   event= 657

number= 0   event= 658

number= 0   event= 659

number= 0   event= 660

number= 0   event= 661

number= 0   event= 662

number= 0   event= 663

number= 0   event= 664

number= 0   event= 665

number= 0   event= 666

number= 0   event= 667

number= 0   event= 668

number= 0   event= 669

number= 0   event= 670

number= 0   event= 671

number= 0   event= 672

number= 0   event= 673

number= 0   event= 674

number= 0   event= 675

number= 0   event= 676

number= 0   event= 677

number= 0   event= 678

number= 0   event= 679

number= 0   event= 680

number= 0   event= 681

number= 0   event= 682

number= 0   event= 683

number= 0   event= 684

number= 0   event= 685

number= 0   event= 686

number= 0   event= 687

number= 0   event= 688

number= 0   event= 689

number= 0   event= 690

number= 0   event= 691

number= 0   event= 692

number= 0   event= 693

number= 0   event= 694

number= 0   event= 695

number= 0   event= 696

number= 0   event= 697

number= 0   event= 698

number= 0   event= 699

number= 0   event= 700

number= 0   event= 701

number= 0   event= 702

number= 0   event= 703

number= 0   event= 704

number= 0   event= 705

number= 0   event= 706

number= 0   event= 707

number= 0   event= 708

number= 0   event= 709

number= 0   event= 710

number= 0   event= 711

number= 0   event= 712

number= 0   event= 713

number= 0   event= 714

number= 0   event= 715

number= 0   event= 716

number= 0   event= 717

number= 0   event= 718

number= 0   event= 719

number= 0   event= 720

number= 0   event= 721

number= 0   event= 722

number= 0   event= 723

number= 0   event= 724

number= 0   event= 725

number= 0   event= 726

number= 0   event= 727

number= 0   event= 728

number= 0   event= 729

number= 0   event= 730

number= 0   event= 731

number= 0   event= 732

number= 0   event= 733

number= 0   event= 734

number= 0   event= 735

number= 0   event= 736

number= 0   event= 737

number= 0   event= 738

number= 0   event= 739

number= 0   event= 740

number= 0   event= 741

number= 0   event= 742

number= 0   event= 743

number= 0   event= 744

number= 0   event= 745

number= 0   event= 746

number= 0   event= 747

number= 0   event= 748

number= 0   event= 749

number= 0   event= 750

number= 0   event= 751

number= 0   event= 752

number= 0   event= 753

number= 0   event= 754

number= 0   event= 755

number= 0   event= 756

number= 0   event= 757

number= 0   event= 758

number= 0   event= 759

number= 0   event= 760

number= 0   event= 761

number= 0   event= 762

number= 0   event= 763

number= 0   event= 764

number= 0   event= 765

number= 0   event= 766

number= 0   event= 767

number= 0   event= 768

number= 0   event= 769

number= 0   event= 770

number= 0   event= 771

number= 0   event= 772

number= 0   event= 773

number= 0   event= 774

number= 0   event= 775

number= 0   event= 776

number= 0   event= 777

number= 0   event= 778

number= 0   event= 779

number= 0   event= 780

number= 0   event= 781

number= 0   event= 782

number= 0   event= 783

number= 0   event= 784

number= 0   event= 785

number= 0   event= 786

number= 0   event= 787

number= 0   event= 788

number= 0   event= 789

number= 0   event= 790

number= 0   event= 791

number= 0   event= 792

number= 0   event= 793

number= 0   event= 794

number= 0   event= 795

number= 0   event= 796

number= 0   event= 797

number= 0   event= 798

number= 0   event= 799

number= 0   event= 800

number= 0   event= 801

number= 0   event= 802

number= 0   event= 803

number= 0   event= 804

number= 0   event= 805

number= 0   event= 806

number= 0   event= 807

number= 0   event= 808

number= 0   event= 809

number= 0   event= 810

number= 0   event= 811

number= 0   event= 812

number= 0   event= 813

number= 0   event= 814

number= 0   event= 815

number= 0   event= 816

number= 0   event= 817

number= 0   event= 818

number= 0   event= 819

number= 0   event= 820

number= 0   event= 821

number= 0   event= 822

number= 0   event= 823

number= 0   event= 824

number= 0   event= 825

number= 0   event= 826

number= 0   event= 827

number= 0   event= 828

number= 0   event= 829

number= 0   event= 830

number= 0   event= 831

number= 0   event= 832

number= 0   event= 833

number= 0   event= 834

number= 0   event= 835

number= 0   event= 836

number= 0   event= 837

number= 0   event= 838

number= 0   event= 839

number= 0   event= 840

number= 0   event= 841

number= 0   event= 842

number= 0   event= 843

number= 0   event= 844

number= 0   event= 845

number= 0   event= 846

number= 0   event= 847

number= 0   event= 848

number= 0   event= 849

number= 0   event= 850

number= 0   event= 851

number= 0   event= 852

number= 0   event= 853

number= 0   event= 854

number= 0   event= 855

number= 0   event= 856

number= 0   event= 857

number= 0   event= 858

number= 0   event= 859

number= 0   event= 860

number= 0   event= 861

number= 0   event= 862

number= 0   event= 863

number= 0   event= 864

number= 0   event= 865

number= 0   event= 866

number= 0   event= 867

number= 0   event= 868

number= 0   event= 869

number= 0   event= 870

number= 0   event= 871

number= 0   event= 872

number= 0   event= 873

number= 0   event= 874

number= 0   event= 875

number= 0   event= 876

number= 0   event= 877

number= 0   event= 878

number= 0   event= 879

number= 0   event= 880

number= 0   event= 881

number= 0   event= 882

number= 0   event= 883

number= 0   event= 884

number= 0   event= 885

number= 0   event= 886

number= 0   event= 887

number= 0   event= 888

number= 0   event= 889

number= 0   event= 890

number= 0   event= 891

number= 0   event= 892

number= 0   event= 893

number= 0   event= 894

number= 0   event= 895

number= 0   event= 896

number= 0   event= 897

number= 0   event= 898

number= 0   event= 899

number= 0   event= 900

number= 0   event= 901

number= 0   event= 902

number= 0   event= 903

number= 0   event= 904

number= 0   event= 905

number= 0   event= 906

number= 0   event= 907

number= 0   event= 908

number= 0   event= 909

number= 0   event= 910

number= 0   event= 911

number= 0   event= 912

number= 0   event= 913

number= 0   event= 914

number= 0   event= 915

number= 0   event= 916

number= 0   event= 917

number= 0   event= 918

number= 0   event= 919

number= 0   event= 920

number= 0   event= 921

number= 0   event= 922

number= 0   event= 923

number= 0   event= 924

number= 0   event= 925

number= 0   event= 926

number= 0   event= 927

number= 0   event= 928

number= 0   event= 929

number= 0   event= 930

number= 0   event= 931

number= 0   event= 932

number= 0   event= 933

number= 0   event= 934

number= 0   event= 935

number= 0   event= 936

number= 0   event= 937

number= 0   event= 938

number= 0   event= 939

number= 0   event= 940

number= 0   event= 941

number= 0   event= 942

number= 0   event= 943

number= 0   event= 944

number= 0   event= 945

number= 0   event= 946

number= 0   event= 947

number= 0   event= 948

number= 0   event= 949

number= 0   event= 950

number= 0   event= 951

number= 0   event= 952

number= 0   event= 953

number= 0   event= 954

number= 0   event= 955

number= 0   event= 956

number= 0   event= 957

number= 0   event= 958

number= 0   event= 959

number= 0   event= 960

number= 0   event= 961

number= 0   event= 962

number= 0   event= 963

number= 0   event= 964

number= 0   event= 965

number= 0   event= 966

number= 0   event= 967

number= 0   event= 968

number= 0   event= 969

number= 0   event= 970

number= 0   event= 971

number= 0   event= 972

number= 0   event= 973

number= 0   event= 974

number= 0   event= 975

number= 0   event= 976

number= 0   event= 977

number= 0   event= 978

number= 0   event= 979

number= 0   event= 980

number= 0   event= 981

number= 0   event= 982

number= 0   event= 983

number= 0   event= 984

number= 0   event= 985

number= 0   event= 986

number= 0   event= 987

number= 0   event= 988

number= 0   event= 989

number= 0   event= 990

number= 0   event= 991

number= 0   event= 992

number= 0   event= 993

number= 0   event= 994

number= 0   event= 995

number= 0   event= 996

number= 0   event= 997

number= 0   event= 998