
 ph[          1][          0][          0] =        3484
 ph[          2][          1][          0] =        3548
 ph[          3][          1][          0] =        3564
 ph[          4][          1][          0] =        3572
 ph[          1][          0][          0] =        3463
 ph[          2][          1][          0] =        3412
 ph[          4][          1][          0] =        3412
 ph[          0][          5][          0] =        3062
 ph[          2][          6][          0] =        3161
 ph[          4][          6][          0] =        3234
 ph[          1][          5][          0] =        4751
 ph[          3][          8][          0] =        4652
 ph[          4][          8][          0] =        4659
 ph[          1][          1][          0] =        3824
 ph[          2][          2][          0] =        3851
 ph[          3][          2][          0] =        3868
 ph[          4][          2][          0] =        3865
 ph[          4][          2][          1] =        3865
 ph[          1][          2][          0] =        4737
 ph[          2][          2][          0] =        4859
 ph[          3][          2][          0] =        4876
 ph[          4][          2][          0] =        4873
 ph[          4][          2][          1] =        4873
 ph[          1][          1][          0] =        3824
 ph[          2][          1][          0] =        3676
 ph[          3][          1][          0] =        3636
 ph[          4][          1][          0] =        3620
 ph[          0][          4][          0] =        2368
 ph[          2][          4][          0] =        2356
 ph[          3][          4][          0] =        2352
 ph[          4][          4][          0] =        2352
 ph[          0][          0][          0] =        1412
 ph[          2][          0][          0] =        1572
 ph[          4][          0][          0] =        1572
 ph[          0][          0][          0] =        1952
 ph[          2][          0][          0] =        2078
 ph[          3][          0][          0] =        2108
 ph[          4][          0][          0] =        2108
 ph[          1][          2][          0] =        4510
 ph[          2][          2][          0] =        4651
 ph[          3][          2][          0] =        4676
 ph[          4][          2][          0] =        4667
 ph[          0][          2][          0] =        2697
 ph[          2][          1][          0] =        2700
 ph[          1][          2][          0] =        4586
 ph[          2][          2][          0] =        4763
 ph[          3][          2][          0] =        4756
 ph[          1][          1][          0] =        4047
 ph[          2][          2][          0] =        3859
 ph[          3][          2][          0] =        3860
 ph[          4][          2][          0] =        3883
 ph[          0][          2][          0] =        2797
 ph[          2][          1][          0] =        2820
 ph[          4][          5][          0] =        2831
 ph[          2][          5][          0] =        2637
 ph[          3][          5][          0] =        2652
 ph[          4][          5][          0] =        2632
 ph[          1][          0][          0] =        3564
 ph[          2][          1][          0] =        3740
 ph[          2][          2][          0] =        3731
 ph[          3][          1][          0] =        3740
 ph[          4][          1][          0] =        3722
 ph[          4][          1][          1] =        3722
 ph[          0][          3][          0] =        1728
 ph[          2][          3][          0] =        1736
 ph[          3][          3][          0] =        1733
 ph[          4][          3][          0] =        1736
 ph[          1][          1][          0] =        4102
 ph[          2][          2][          0] =        3833
 ph[          3][          1][          0] =        3756
 ph[          3][          2][          0] =        3740
 ph[          4][          1][          0] =        3716
 ph[          0][          1][          0] =        2337
 ph[          2][          0][          0] =        2468
 ph[          3][          0][          0] =        2494
 ph[          4][          0][          0] =        2476
 ph[          0][          8][          0] =        2636
 ph[          0][          2][          0] =        2786
 ph[          2][          1][          0] =        2884
 ph[          3][          1][          0] =        2882
 ph[          4][          1][          0] =        2876
 ph[          1][          5][          0] =        4909
 ph[          0][          0][          0] =        1858
 ph[          2][          0][          0] =        1668
 ph[          3][          0][          0] =        1628
 ph[          4][          0][          0] =        1636
 ph[          0][          1][          0] =        2436
 ph[          3][          0][          0] =        1846
 ph[          4][          0][          0] =        1804
 ph[          1][          0][          0] =        3552
 ph[          1][          1][          0] =        3851
 ph[          2][          1][          0] =        3750
 ph[          3][          2][          0] =        3754
 ph[          4][          2][          0] =        3763
 ph[          0][          5][          0] =        2928
 ph[          2][          5][          0] =        2916
 ph[          3][          5][          0] =        2912
 ph[          4][          5][          0] =        2915
 ph[          0][          1][          0] =        2403
 ph[          2][          0][          0] =        1734
 ph[          1][          2][          0] =        4937
 ph[          2][          2][          0] =        4851
 ph[          3][          2][          0] =        4954
 ph[          3][          2][          1] =        4858
 ph[          4][          2][          0] =        4899
 ph[          0][          5][          0] =        3046
 ph[          3][          5][          0] =        3117
 ph[          4][          5][          0] =        3037
 ph[          4][          0][          0] =        1559
 ph[          2][          3][          0] =        1664
 ph[          3][          3][          0] =        1667
 ph[          4][          3][          0] =        1676
 ph[          1][          2][          0] =        4486
 ph[          2][          2][          0] =        4741
 ph[          3][          2][          0] =        4764
 ph[          4][          2][          0] =        4709
 ph[          1][          0][          0] =        3490
 ph[          2][          2][          0] =        3811
 ph[          3][          1][          0] =        3750
 ph[          4][          1][          0] =        3582
 ph[          1][          4][          0] =        3948
 ph[          2][          7][          0] =        3948
 ph[          3][          7][          0] =        3947
 ph[          4][          7][          0] =        3947
 ph[          1][          1][          0] =        3896
 ph[          2][          2][          0] =        3803
 ph[          3][          1][          0] =        3772
 ph[          3][          2][          0] =        3772
 ph[          4][          1][          0] =        3764
 ph[          4][          2][          0] =        3763
 ph[          0][          4][          0] =        1976
 ph[          2][          3][          0] =        1936
 ph[          2][          4][          0] =        1940
 ph[          4][          3][          0] =        1920
 ph[          1][          7][          0] =        4117
 ph[          1][          3][          0] =        3518
 ph[          2][          6][          0] =        3705
 ph[          3][          6][          0] =        3727
 ph[          3][          7][          0] =        3735
 ph[          4][          6][          0] =        3707
 ph[          0][          1][          0] =        2291
 ph[          2][          0][          0] =        2380
 ph[          3][          0][          0] =        2350
 ph[          3][          0][          1] =        2350
 ph[          4][          0][          0] =        2404
 ph[          0][          5][          0] =        2667
 ph[          2][          0][          0] =        2572
 ph[          3][          4][          0] =        2536
 ph[          3][          5][          0] =        2540
 ph[          0][          5][          0] =        2771
 ph[          3][          5][          0] =        2631
 ph[          4][          5][          0] =        2656
 ph[          1][          2][          0] =        4351
 ph[          2][          2][          0] =        4403
 ph[          3][          2][          0] =        4490
 ph[          4][          2][          0] =        4419
 ph[          1][          2][          0] =        4737
 ph[          2][          2][          0] =        4699
 ph[          0][          5][          0] =        3129
 ph[          3][          6][          0] =        3140
 ph[          4][          5][          0] =        3081
 ph[          1][          4][          0] =        3756
 ph[          2][          6][          0] =        3728
 ph[          3][          6][          0] =        3716
 ph[          4][          6][          0] =        3719
 ph[          1][          2][          0] =        4807
 ph[          3][          2][          0] =        4572
 ph[          0][          2][          0] =        2866
 ph[          2][          1][          0] =        2652
 ph[          3][          1][          0] =        2636
 ph[          4][          1][          0] =        2628
 ph[          0][          5][          0] =        2701
 ph[          2][          5][          0] =        2724
 ph[          3][          5][          0] =        2732
 ph[          4][          5][          0] =        2732
 ph[          0][          1][          0] =        2382
 ph[          4][          0][          0] =        2156
 ph[          3][          3][          0] =        1747
 ph[          4][          3][          0] =        1843
 ph[          1][          2][          0] =        4738
 ph[          4][          8][          0] =        4936
 ph[          1][          1][          0] =        4238
 ph[          2][          2][          0] =        4389
 ph[          3][          2][          0] =        4396
 ph[          4][          2][          0] =        4379
 ph[          1][          1][          0] =        3951
 ph[          3][          1][          0] =        3652
 ph[          4][          1][          0] =        3628
 ph[          0][          2][          0] =        2867
 ph[          2][          1][          0] =        2964
 ph[          3][          1][          0] =        2980
 ph[          1][          2][          0] =        4530
 ph[          2][          2][          0] =        4723
 ph[          3][          2][          0] =        4692
 ph[          4][          2][          0] =        4629
 ph[          0][          1][          0] =        2375
 ph[          2][          0][          0] =        2350
 ph[          3][          0][          0] =        2346
 ph[          4][          0][          0] =        2340
 ph[          0][          1][          0] =        1963
 ph[          2][          0][          0] =        2028
 ph[          2][          0][          1] =        2028
 ph[          3][          0][          0] =        2036
 ph[          4][          0][          0] =        2036
 ph[          0][          4][          0] =        2346
 ph[          2][          0][          0] =        2522
 ph[          2][          1][          0] =        2524
 ph[          4][          4][          0] =        2222
 ph[          2][          0][          0] =        1388
 ph[          1][          0][          0] =        3484
 ph[          2][          1][          0] =        3354
 ph[          3][          1][          0] =        3332
 ph[          4][          1][          0] =        3316
 ph[          0][          3][          0] =        1933
 ph[          2][          4][          0] =        2017
 ph[          3][          4][          0] =        2055
 ph[          4][          4][          0] =        2060
 ph[          1][          0][          0] =        3517
 ph[          2][          1][          0] =        3588
 ph[          3][          1][          0] =        3610
 ph[          0][          0][          0] =        1723
 ph[          2][          0][          0] =        1964
 ph[          3][          0][          0] =        1996
 ph[          4][          0][          0] =        1996
 ph[          1][          6][          0] =        3528
 ph[          2][          6][          0] =        3504
 ph[          2][          2][          0] =        4963
 ph[          3][          2][          0] =        4964
 ph[          4][          2][          0] =        4971
 ph[          1][          0][          0] =        3564
 ph[          2][          1][          0] =        3676
 ph[          0][          6][          0] =        1845
 ph[          1][          1][          0] =        4152
 ph[          2][          2][          0] =        4275
 ph[          0][          4][          0] =        2372
 ph[          2][          4][          0] =        2340
 ph[          3][          4][          0] =        2328
 ph[          4][          4][          0] =        2332
 ph[          1][          0][          0] =        3490
 ph[          1][          0][          1] =        3416
 ph[          2][          2][          0] =        3973
 ph[          1][          2][          0] =        4544
 ph[          2][          2][          0] =        4699
 ph[          3][          8][          0] =        4712
 ph[          4][          8][          0] =        4711
 ph[          1][          3][          0] =        3741
 ph[          1][          3][          1] =        3506
 ph[          2][          7][          0] =        3835
 ph[          3][          7][          0] =        3840
 ph[          4][          7][          0] =        3819
 ph[          1][          2][          0] =        4723
 ph[          2][          2][          0] =        4859
 ph[          4][          2][          0] =        4867
 ph[          0][          5][          0] =        2937
 ph[          2][          5][          0] =        2944
 ph[          3][          5][          0] =        2948
 ph[          4][          5][          0] =        2948
 ph[          1][          5][          0] =        4843
 ph[          2][          8][          0] =        4763
 ph[          3][          8][          0] =        4776
 ph[          4][          8][          0] =        4787
 ph[          1][          2][          0] =        4811
 ph[          2][          2][          0] =        4731
 ph[          3][          2][          0] =        4716
 ph[          4][          2][          0] =        4731
 ph[          4][          2][          1] =        4731
 ph[          0][          2][          0] =        3044
 ph[          2][          1][          0] =        2964
 ph[          0][          2][          0] =        2994
 ph[          0][          5][          0] =        3027
 ph[          0][          5][          1] =        3027
 ph[          2][          1][          0] =        2988
 ph[          4][          5][          0] =        2988
 ph[          2][          2][          0] =        4577
 ph[          3][          2][          0] =        4484
 ph[          4][          2][          0] =        4459
 ph[          1][          2][          0] =        4801
 ph[          0][          2][          0] =        3099
 ph[          2][          1][          0] =        3310
 ph[          3][          1][          0] =        3308
 ph[          4][          1][          0] =        3276
 ph[          1][          0][          0] =        3604
 ph[          2][          1][          0] =        3614
 ph[          2][          1][          1] =        3476
 ph[          3][          1][          0] =        3604
 ph[          1][          3][          0] =        3306
 ph[          2][          1][          0] =        3548
 ph[          2][          1][          0] =        2882
 ph[          0][          4][          0] =        2431
 ph[          3][          4][          0] =        2427
 ph[          4][          4][          0] =        2447
 ph[          0][          2][          0] =        2731
 ph[          2][          1][          0] =        2916
 ph[          3][          1][          0] =        2854
 ph[          4][          1][          0] =        2750
 ph[          1][          1][          0] =        4317
 ph[          1][          2][          0] =        4356
 ph[          2][          2][          0] =        4131
 ph[          3][          2][          0] =        4100
 ph[          4][          2][          0] =        4099
 ph[          1][          0][          0] =        3680
 ph[          1][          0][          1] =        3680
 ph[          2][          1][          0] =        3298
 ph[          4][          6][          0] =        3466
 ph[          1][          2][          0] =        4426
 ph[          2][          2][          0] =        4419
 ph[          4][          8][          0] =        4415
 ph[          1][          2][          0] =        4793
 ph[          2][          2][          0] =        4843
 ph[          3][          2][          0] =        4852
 ph[          1][          0][          0] =        3708
 ph[          1][          1][          0] =        3740
 ph[          2][          2][          0] =        3883
 ph[          4][          7][          0] =        3890
 ph[          0][          4][          0] =        2148
 ph[          2][          4][          0] =        2152
 ph[          3][          4][          0] =        2156
 ph[          4][          4][          0] =        2155
 ph[          1][          7][          0] =        4243
 ph[          1][          0][          0] =        3444
 ph[          2][          1][          0] =        3756
 ph[          2][          2][          0] =        3763
 ph[          4][          1][          0] =        3578
 ph[          0][          2][          0] =        2688
 ph[          2][          1][          0] =        2596
 ph[          3][          1][          0] =        2604
 ph[          4][          1][          0] =        2650
 ph[          0][          0][          0] =        1760
 ph[          2][          0][          0] =        1522
 ph[          3][          0][          0] =        1588
 ph[          4][          0][          0] =        1682
 ph[          2][          5][          0] =        3004
 ph[          3][          5][          0] =        3000